QmNMRoFkyyzMmeBFM27tWHwZSp6A6kfjtxnEAfUUwGoHdo
QmNNkhV5RsR6Wzmjv6ChyXcMHk2aM81XPjDq15gQbu15vm
QmNU7W1Tjk3M7PS251LWYPKuo696AckMXxTDCCp8xggwe9
QmNZNjPeAMF6SVTZ4igbb1HQosfunYHoyJyxGCizNm68wM
QmNaqNSEgYWJaEPddv1hqZNALBFD2Yi5s9PoY2QXppiNJ9
QmNbz2RXDq975uNjMVz57iNNfEHpLBFhdV4oMygkcRpGMZ
QmNcrgZpLPsTZZcK1pCQ4o1cR7HwziHykVayfL1bYH5X3n
QmNdmgVudYJJgQZvnwnSCHE6TPc1YZhNtN45rzHFHMP85g
QmNdnv2CTRnDQiETgoWN2gwoR6cqpa8sHdhLd8ZbVqQEVP
QmNetTPbs4ZDKW51BsDZTrYhzw9DDpjQYtW3vHsPTeLiVn
QmNhBvUy7F94xALkj47LQcjEEBEL2BpqsaaE3GNgHhziKR
QmNjZHfLJvYf1RjhW2cxbiS3FMo3T2oqG7MkU67ckwqP8c
QmNk8kdDNQ8r3tDezJrCytiBU1oqxSSXhTXMPGvwio4fZM
QmNnrC9Coy6fa5ebQrpJbPWwD9UUZnXPgANDei54TT5e9f
QmNojbUY9F528ee1zNs8oX4WUSQ2W6kGHtZzXzRsRV3Dkx
QmNpb91SUFNXP5jrfUqkY4T3PBGtMHYax4ShzBU8CD2vYc
QmNqrvsMHDGj5ybGfSxxppx1AB3VztoKDCcrX1jA8yYD3d
QmNrdrs7jMYFeYjD9n7sZPStWPq16RwsY81fpdFbD1Uzuc
QmNuZY8dGjS8VXUDgqTcofrtManEPDxLckiqDRW78C3JbD
QmNvxu4beeBu5ZshiptrXnVd1XSbbV9UsvjLu7K1cufq5w
QmNywXhhhqSsHmify596PWnYBh9L6UkuX6YUHasaMLe5C1
QmNzsmYaGAeihr9hYxsV6C8Yys2YQnof8JoP9mGD3mPvBb
QmNzvY6MyeBaqXCB4J7qiSZHNMZHtfc6yL2pzRrMXE7m6q
QmP1L8NycoKZx8vXne2MPCQctcg1udJnNyaSVfNjEAJ1TX
QmP1oibh7fHKNzDoh8whT9kuvky9154KzjqP7EcyKE7Ufj
QmP3TzynZeb6bBnKC18rZVB9Y7ozCSN6KAkaM4FC3bVWXY
QmP4gMSVDbnyWbLqbgNruUsMvxPiA6jwe4XzcGGEKMkzEc
QmP6faoGGTEWPfRBvtdNEXf4bzKG5mPhkRb4xkFszzLMn8
QmP6g2mdCfmg1bgYMYZkPrWCkZvNF6QbBk8iQxh7vXidNk
QmP7HhC2paT4F9WmWr9Lz8xQbZGpaoy9TfLLEenfKXCXRv
QmP86QijzGfHZ4k5ZPZBCEyK3ggvK2EwrvrJg3vupMJNeS
QmP9sxE6acByeeSaXTSomXYkJwChJHDeGyxxjG1LYXweMN
QmPAY8y9ukZ45LRiSJMt2A8FKzxLkC3t8q7Uyxa4CMbpq6
QmPEr2hBvuLJ9D2fDDKiu1sM4ZsCU9vfPAZaX82VvZBT4v
QmPF9aRrGaNskn92EK3hCp7YHqVRD5Vd2Dj7NJ82R4qwaA
QmPFwrJES6ae1krXqR3UHMCszRfoxzN41o6C7hY7WU7W1b
QmPG1kKczkjdKd91kfePDEkDgftszjK73pAUiTRAAiNd7U
QmPGpowAkyZv1gGcirKHtdTbenRA5A1uGtq1Ji2Fvo9Zdz
QmPJ4JimRGGSUcnAWSeLkay6gNRVTPZJia4GdREnEYjeqR
QmPKvLMkvzfHp863fPjxrZS8PPpdSnZGkhPdEdbNAtm6rg
QmPM8d95HhsD1U9NArrsbWyumz8qHQJdfTdn6RmJFsbTh6
QmPMF5GLP2jo9QyRKcob8RRzZfW3sNGzNFaFeBz184jzQ3
QmPMdmhPDeUyCb3pBQJL5tqDahefNRUEL3KgncurndbpBp
QmPMnebu4akFAsEFJLQJNKU2ymxCLCBoTUfDCcMRBc8Tzi
QmPPkX9rzWZGwrejDpLey6meZoRspLfkEqy9oivb8SHpoQ
QmPPsSSZ7YQUBhgcuPkS59So7My66eQaDmnnrhypm92sKR
QmPSLNcM3SqY7fwg6ZaaLAqBYoqZm4WqGbbAfkSbw5qW4X
QmPUTEuNrziKseY2XjdJp12RHsHzmd2z3c1buLA94aMjv8
QmPXmBLwqo8n5fQqZnbgEidSovFwfc8vx33tyK9uNpr5kw
QmPZAMjcyYVRLiyNzB2QVyruXVwT9pS5MTehFjvW8Qw4Ta
QmPaocsew6qJ8cJwS8zcDey3MhZUbhKod5iv9NUCjr2Si9
QmPbuHn28a6pFQegPcZC8M1nxonQL8CXx1H2ovWpGamPPt
QmPm2MDvaXucjZnjCyKQn6GEQrfP9GQF4SawjBBj97zZMT
QmPmZ532H1gwAEakAtgsLx1Msb1G1ycoE4TfaJ9TpQYgBJ
QmPmwWRFhpaYPBSkgijeqA5ar2Vkw4CcoV6B1CDek7CpxU
QmPmyLNdikvJ8iG6d69wYsDNWhiAxUBp3xwryboErDAPvr
QmPnuf3TLdeDp2JwXTVi2t83ShMLZ5LtiXFXYzAxSbcTDh
QmPoAniF1ftUA4T3RCw7uZFp5pTPCMrvRauruZFG3xfcmX
QmPrGMUsLazfTUYY4TrQCtY7CeKbZgfDsAY8RNBWwnyi4f
QmPt4FeHEQ8pZQrnRZMSLK4jJ7FKHDs1h1ZJnqQKiwebqX
QmPtQ8kLzATu79fNqETqnBGFKqjnzJcKV2t4bTT5xf8yDp
QmPv8jJi1r5NWtmdCrG7jbiLxuS2WShrmi9qv7USZorrfJ
QmPytoV4AufzhfW6QNWWfbPAPFW8k9paGu6yv1TE4b4PAx
QmQ16JEb6Wh8vTtNAdXUencsorqeyyJNfww9pVF4adkfnQ
QmQ1pgHrnziDobbu1mhrbCLxga17kXw6iLidHkZFHPRGvq
QmQ1yeDKGuappSp5KLCRCytvE99mTRED8PiGvu2wQYsTWs
QmQ2HjhHfiLbKu9nq34DFhfkdML2tf3CvK6wcpKMXSN8D4
QmQ2k6a5xWWADGsNVPunJ7Aob9qWGXz98zqzCmzakqwv9o
QmQ4AybdxfjKR1ZzStiLqhEZmtvg1LiXtcgN3zseH2PMVr
QmQ5aPictaQCGzJ1Na9jPviv8V3V69U5hmNqRCfHLUSn4G
QmQ5pfYoT3kYvwLiKPwQ3BsRMrJEFjQXimXYkan1ReJ31w
QmQ6VNB7y2uqBn5iMNqbBy6dR7KLNAeg7ZEtKFHQbYBCXG
QmQ6VvtMXR9M6nrh79NMEFCQaHKZGp1H3SoDtzRD5gGXF1
QmQ9LHAJEckWeDm7GvmeG8KK6f7PtmL3yZ3nv9oCwQG5at
QmQBVdPMZz8nxbX3ooKWZyoFPdcbzcU2NcvrgQanPvcqTz
QmQBiNoPBfg8ZE3BFXyC5pozvWpmftaCdtXTsatDaKKPry
QmQDMaCGz34H3xDKxiZNdZf5iEYqVZNEnzPM7A4HrMo77m
QmQEgy4tYNyskaTNoYN7ne869VTsnYZHPobBmQnaUtiKAH
QmQGHpdW7eBhAsXANAXc2RDWjuCKugvjEmkHYCPDVEpWEm
QmQJY4JTqjJJ4BV2z8zECNMpLGSqvwiWtiQqPDyfyYevcV
QmQKmgfg7LDgYTf3KNxkyPPPwqEoSY3kmSgVSRJNzqWh9E
QmQKssAx4ayTSDZrWSy1CEtM9K2bq6NcTmCfbXz4wtJhHM
QmQLny7dU7qPiA17kV2Lughx8PsPxyeebjJQqCeh7S33G7
QmQLpiMPHJ7nB3MCZE5ihH8LU9JUekJQtPuhRdoyProjo3
QmQP6oQpfdUPid6noZGijsEUuxEaRxkokUeVWsAVn1RCPg
QmQPoYX6y1UFXGyQwH5WZG5tfjSoFyNhx144JWQHhiF6Xs
QmQQhnXyte17UQSg1WYWC5rZJyUB4yV2dqFg9SAUREBLL4
QmQWV5cZq9GSLB3DZdNeZZDYMNuDEfD3uZjZWKCXKFB2Qs
QmQYpw6ArtLJtNoTyNDvBpQnTAoWav6HAnYEju7z1D9ayJ
QmQamCxPKDC9XXbMJXe7eNZnoWeMQbcy5iDBU7xNMkh5rg
QmQbmdPrcBo2XGeG8yWSnTWydGxSZNvdoJww7YBGnggief
QmQcAPEDptBnJw2s7caf4n5CM8GgEkS4NYgMdbikvUTmhK
QmQceM9S5UduG2QW7ZE8NLQtVkE35cJSeaj3aJYURTyHXs
QmQcrYLpcj9Yxwc8Xfk5WuEmL1HYDZoPVmiiqt2bmsyRjg
QmQdwF6gP8DJPeyq4P2VuCjhah6JE9WZQdnt9rh7qQNGzm
QmQdzrJyRbwWSkKAoX1zZCuUCPeVAAoXbRUUtXyDHCi5xX
QmQf3MVqomt5Do7A565Rp2CkpyzKgEXRUeUjzL1DBRsQzH
QmQhW5gtUihwh5m36k21nFZMzYqgmNZkdDQU69bQki5oKh
QmQhrs7KGwrrxy52KRVeRDdu9p1z9ex86wrQCPFENuQjHx
QmQiFCKS41hgz64Rec88GPPGCfCgAjo2Uz8U1fxNnEuu4Z
QmQjMTzSdkYXK9xTJ7wFouenTfXMXHgssqM65dFqSXNdx4
QmQkFzKJAsbnu7WePZZQwWUUjkBjNYBVZc57H53yD6UuGj
QmQpvvjza2bAtr3vvuYcBCTWj4hccsEQNxrxbXHCbUH2z5
QmQrWfoyDmv139E23iY7uZAKtFE7XUFK9dS3R3r3Kw3wTN
QmQtqSPfR4k4XgtEVov8FrgMmFt7k9UFWXzwituBTKCZLx
QmQv9gQ7AFr97DQbaUeMddEkEfTaVRBcGDZqUVWi9HpudE
QmQvVoJLEjy7zv5ReK7DASYpnnPNHgJiohu7phBqMneHF6
QmQziFg61K2BD6CXMgziRqsbys38jq5o6KxMuCajSPA4f8
QmR1hwZKw83AyqvcARbT1A41MTyNSkAM9GZUrKz5Ncc1gP
QmR2CxVfu2oBcQGH7VqiEpGLNahVH1RaoCqA3eKMiF8sri
QmR2tHqPbYQWDMuHeXhNfrUNAkw5ieuRZA2owuiWZp57qQ
QmR3ZR545hovwwTQeaMU7NRi2HL35QVA8escjjg2sfFkTp
QmR3afhkUsxJMAWYJW5p4eB5cHKEkYwvabfMqnwaCyzicD
QmR5styEfB29xMkfTNttgPfhKLSmufyHDCJhGLha6npp6G
QmR6c56BJWr8ddNVkpYt2wWbwo4WPdC9tdLMkmEAqJ6eNn
QmR6y19b3nTUhR7he5bTzL77MsQvrCS7s513Y2NhxdkJF9
QmR86uEsn6Epy2hQaWRRrobRB5jSBTyWQueXJKhPNYXuNC
QmR9gRfVsY3BQLjcTwwBMV83j26Fn3UHhBoW994tU9eAbC
QmRBmq22E13yhXPtqZ3fgPYwBFEh3v1WXFTPuJr5qYgYfT
QmREpb8hWgBrWeGU9CqXN5i8bxPa5Uo6dNbC6o56CCczZG
QmRFUmbnQXrYqf6Vb944VPmVLSV729UQaLU69Kzk9pqwit
QmRJNARUGezNErGBgz1YLF6TNoAwaAi5xGKUB3nBY7TWGK
QmRK46bUGwYCq8k3YtZ48Qrz5RZzJ2vJQGgP75xzeVR4Le
QmRNzjwPFWiSmSAob2TryLqr4ayeBhKVxRHUD8KbSe4SYK
QmRPCjwUb326pskoLqXyiqvceQ2yUayiwqBhwvgi4vK9kW
QmRS3GG1YDXPEZnasZgde5oVtADvDtbSaNN6rxEEyRnDLL
QmRUPm28m1JQwgyiDWyDAyLF4SgNnMedxpPGSCnpVz4bNw
QmRVXwDnPYEUe3RRVNZc56VF3LUHfrZBXQUSovK9KcBJJn
QmRWNqu5f3xAmvDDiPYkmsiApqgDa6Hv78uk4dQM7YBasb
QmRWeCWX2GTAtc4vvVLbo4Tv9zuCgHB4qPima5KU6r8tXD
QmRXEY89mXGzBcDxVmLwha2w4fWnH92sLLQTc6XyYA3kBj
QmRXVHh1rQYnxN5aV1Ggj18hvBZbqBVMA3LRNDvrr8NqtQ
QmRXnNGUJp7u2cNGHNXf5jL3WswjhX3XBZKNbAAr5HkC1G
QmRZR4swd5W5Nf7gbtSpBXuErsfa1TUiBsjVudvAfgNn8L
QmRb2d3scyQKZ5nqhuhkMNFhycZFojEPKjEG9YLvDad2iJ
QmRbUmHgmKCtQ2nCp5N17mkTjn8sGTouHd1TeLj6meUyWt
QmRbktbFxbxcEsY1Z69QkaxWkm2a8xCXQGVwtR41Y81XoB
QmRe2BNmxQr7RtZsuyzgAgxioYvFmNC37yyhuen4WH4wzA
QmRfQ9WpUsx3SdWZ5F4XTuwzmcxVJErMp7Uz6DzYdoELWG
QmRhFyCxAbos762YyCYMU7q81XRdjbSLitD13SLDNVdEA3
QmRhLUHqMufrUsUGgVwinduEDchHV3D56EyLXxTDVo5hf2
QmRhmSuqVnD3vogVwzojr9d4UBDLtLAYPGjsRyyybZVkzE
QmRi43npPrLtWi4cDQ9ehZLgmygSW3g9MQc5RvtVbomrnv
QmRm7oBpfPLraJRyrUJGsgELQmgyvzmrYEbzK4NxCNkzDX
QmRm86E7gkwJ4sd6eX4X5GgLCVfxvKVt9BHraacURjWKpN
QmRmdhP8ukesNDHnNNKKkVFBtwnDfSTwWqks4b1kS4pBfR
QmRnyR2x87AtF78UsnF8F7mJCBU4LdsDum3pUEfvkseSby
QmRpL2aoS5Z4NFQ7NCTSmqptFKRCPdasLpmMRJ556EVxGV
QmRqTPtHbmFqrJt1NnpsotWrKRf7T3jB21WEZ6fgXBeVqb
QmRqbgq83LFTSywe1eoQPDgDLr2AJzp8ei92FyXaSzasqe
QmRsK9eWHPntdTpp8FDfWNRxxNomYedXTtArSkug5fTBT7
QmRsU7ftJPGQBUWywwPLduhrdn6pBEDRzvCnB8CzMPWFu3
QmRtrTn99Sbaw3GpNk1sFPkdGxpFGxKALfJn1AD5ETNpok
QmRv9N8nFJdSAd5ovrThhR6JqqXLBQofSZdD2JGd6qC7Mf
QmRva7yVbNgZPVkZGfUKp5tdusirgXwQYXDZCp5PK4SSkB
QmS1ZpU33mpAsiB3LYSDVUiifJA2HtgG4hnewPkFkhWaaz
QmS27M76ChwPggUCAuJ23QyavweSmdxynhWJCsQwYJU6na
QmS2Lu2qbmunAy544Fsqu7ytW1CtQP3K23nCHcJU9rdBoc
QmS2XBeVNbhjTPDJ3HSYeEBzQLYvBK5fkDsmumDDtwK7ms
QmS3NdPNoyzSX8mEs84djjA2Jt8y5Ky5ngptZ5uQDHM9RU
QmS4bbvYz4WmQsmDP4WhCGKzGgZqRvsKQhH3rtZz1e3ayh
QmS5gPo746ThiwiDmdyxRjxvP9dzxbYKtZKc2HiudBPziM
QmS6VripHgE8kkX3X6c1jSumwB7aA1VyQmp24iTh3Pnx2M
QmS6xp89YjGGoQ3vztAv7pUjASMQNRnhzDp1HvqpWYoTYr
QmS9B9tSn8TrpYB1BEKC1SdQND9yNdGhvpERqY9TRNUcvy
QmS9UTYo5odWeNwDjsqcqki7UyG3M2HL3f8QW5n2gFnmkL
QmS9W8iNR51HzVR9NHLD84pF8dQwRYwJtjgd9PviKTBsRB
QmS9yZoq6jMpC4LrcrneuLpo8xRrpdF2eLY69dW318iMPe
QmSAhHNcJGEZiNRjDq2nWPS95GZVZYSP1WQeFZ1KuPBBia
QmSKgdtxqzD5SHpoFdsVuBfgDPLn2JEwkfcJSU4UyqpFgQ
QmSPNhsmJwD9BQb9iUrT1D4uUib82gmEGW5sseTGktaSHS
QmSPv6k4LrL9nyLw2XGvPPG9m4pCS1wTEX9qovCoMGvfjr
QmSQUVuJ1NgeZ3Bcamnpy2qKARfL6KFkRXXmG7nR2K9XgT
QmSRp8FJrEmJ4VvmhQUAKWaacbVun9h17vcfRjpnuf4ymG
QmSSZsBSuwYQVY4FdvzyLK4eLn9HYnf279i15u8ve8eRBU
QmSU7RLNaq7MX6aN5RhLowAP6QEyQHWnsNyABkEwDizgRH
QmSUenWSEeU8iQJUyYm9B8zJTXPGQVcufH5niGMP7Qq9vc
QmSWhnuWN3HE2QKej9zuKqNeKyYGYpHs1Dg4UpEbUXYdSn
QmSZKEGAtftjQhCsRfsnopHuAiJqr3eqiKtXsXuZbjJFeZ
QmSZwvxUYdBeC1zGpWyAxdBjkopVistTPAtQgECzb3kuur
QmSaiunqLmQjb7HgYhUwWoaYtKY9cQjdCwXKTbQ1CTVusD
QmSb8jAopuzhndsCtKy8dKX7M5SzPC97rno5b95fT4uCa4
QmSbBqx1F6VnhjZwDt3fpsL76rikBxP36wbzokFzLob7DC
QmSd56vPuq2UsL6drt8iNQQ8VJWWGQBmZ2FeXYtwtLLyva
QmSdvBjp2aTVT1jJEHcWMnjYfDtvYFmecxE7akbTsv37vm
QmSeHjepvE9EbZWFBNg5dSrS56D9FjhE1b3EWsFpf3ZDUs
QmSfSHPXTGR4uqMF5Jk8XtpAczUvQAUKM4Vj4TxmWHijEZ
QmSfhQMSFcCcQGE7pWhumWNehgLmGFCxA9ZCxJYVvLKx5C
QmSfm4Jwsu2XjbF1SmvnRQ2DN2djDYZ21rnG3AtZkEsz3N
QmSgdTTcoXzC9k7bbMC1GgkWTR41WfrAX9i45UJ8qjwLTH
QmSgrY9UdCBUpvdqU3ozemG7fhCWzUPgJtZF4YTgs43keN
QmSgzppe8FJdgMumRi1zMWNmcq7o8LsK63cigbZ8H2ytAZ
QmShBLM19YTDmohGrM37Pbh1GkkCkYuZqyCD5JLwwrVUJz
QmShUrxPavFEecr6xdju7hPMrjK74zAQbhWWxdYxaf42cT
QmSjNDWAkeob74gPptEPxmnhdKuQ3HBixknFnryaUfASjK
QmSk7CiZXujBew6TZTAeL8onoxY2ZbFJ4iYJ6RWtwNfz6y
QmSn234KUxof9D8KKkPQzgFfSFt2c5eUNS8VYUjYXi37EX
QmSoMBDbhxn17MtMhQ7QTm5coni4rhfbRtvc1sFLuNedez
QmSsdficG42R384bpXheTTncgzTPT4qU6xqAZQkCKZ4nAA
QmSv76hGvj6ZKMseJbfxUaksSHAzSThmJz9VKMBVq8YRfo
QmSvFHf2UDyXqrnFvB2Evqa8h35xzsmEr41Ap9LPCBLjD4
QmSwr1v9vVE721Sc5jMV1JQMFuJzRyJcp6cTnLTEyeHnfa
QmSyzi7eiHoNujxAAumwV399x9yjygmtcxr3aizP1G3uSu
QmT2QQLznRj9CbtRXPx4sm3NLDn8A2dTAFo7mYxGRdNf4E
QmT4XnKAvwk59k7oQ5yrcr2pCedMsNtTYhWRykpciinXE7
QmT59bKTxKxyQB4ikhW271fJ18kBuSY15aVX49azrszemk
QmT5WYEs1P78QYFHJw7pwUYjm9R4BNTuzSh7qaqubv4Ufh
QmT61U7hs9u4SUk4ce531zZG3dTAe4gLi1ycq9Vfd8YRiN
QmT6ndUjFbmia1hVq326GDAr1ej4sE7RqjwqRfEEum9hpt
QmT797z4HMyCWD9EzCyX4Yjgs1szKFUXV7Ci1VXsaB1MRy
QmT7YE9g5UhcWHaXfuuEGEtfbzMv62SW5sh5sQqJ88dtZs
QmTAB6wGZJeKPYBfJXfy4BpbgNXYLHU6EnimndMZx6Q85k
QmTALvPLBXGfRFvuPaFAajKdEMLswX2kbmdvVoZnRgEACx
QmTAmHZfgZoLDmK5hM7w3xvcz7dw17VoJB12svvsR1TU1X
QmTFzNbjZ8sgSt5SpJ8ebJGsuY8fUjq8ayULUj1YrTh5jH
QmTHo7XSxAiWDPkSQeHa5iHXq1VPj1bPqcin2TWk5gyPcT
QmTJB72QB6zYrfnRfHRuCRU1fqM7DKP9rybmb9W9FE9VuK
QmTPdjjt5oAXiwBqGkC5iADPkFj3CGdvXdXnFdpX8fp8Tr
QmTPuy3ThQ3tWNuNg2s4HqSrJNHAP2stFr4NLrMzwAGSPR
QmTRKkx4bJcoAK2FJnoYGEMm7sw1xC7aAgQt4iXKLdRvc7
QmTTq9XYreJJUHVjREndEMvMb1VGzprNFhYhoT8PNtJf2b
QmTWjL1yZ1sBvcjcHRpQe891fcz4GyTwY3a3e5j98v1UWc
QmTYhs3jNfQ2fzBVipSfwznUkJaB1GqZhoKSTVVVhb6QpX
QmTYqFkeTVUfRo4gL3AFDGE7UtTKrHacFEdmCZ5nNwR6Zw
QmTb25Vic2t9AWh3sbibeVncqTn7KTNJZxm6dPXtED4dSg
QmTbD5QVrepzqRJpGqmE7tPb7XHDcVVihFoPfThVoefN6n
QmTbW4f4amrAj31Qh7P1VYjUW2dV6SVRseE9HDoY7kh13i
QmTbvWNw6hfDfwwEZha2WZwnAWgN53LVNsRGJzprRuE5PT
QmTc2XXHco5NU2L2rcP1b5MaPStd6NCGtdY7MtN8bU7gh5
QmTfMmCyTK6kPRJX7QAAeJxLPY3n62mGEgtT6UZAPd6Lu9
QmTihdBsthqPbemKizABRZ2w1KhvmYY6NaQv216b97KTFs
QmTm33o6rsXjjo9y4HCXipWoyzkZw6YvXRMfVX9he5hyYK
QmTozno2pKyQ1CDqt1PDnwMdziB5R3a1GWzHSfrFd3fTVW
QmTpnNNJdUvM9eyoNuk9jEUvnhDYZjqXS3pdir3jXKN2Te
QmTqorAN9wo4FpXVVcE4aCnzw1TYctU4ViqDzKfyEEuRke
QmTqqsW68rfnfHGvC7EJmY3wxcSgJRoGh2hf4NrkND9Hyh
QmTsqUnWuSo5hVe7ECTBdjpJnMKiwsNeL2RBJXNFPxChRH
QmTvuTzSGrvobDtaFPHy19epoZcCJxnRiN9ZEcQuGxstUf
QmTx6wckJxRyeLGqXpzuzTA7x3m6VRu1a7fY8T3xPkoVHK
QmTxSuPPkph8eaB4PFpNHbhwuakjDQFKrg8oWnjJynVCLT
QmTyNybatNUF2vZbMqY8R8wBoCd4VATesFv3U82E9xGQiM
QmTz9b28eWDbas8c3voyc5pAeH2as5P4dk7HyPTS6TaRCT
QmTzM8AZd7UvvifGhbZhkUL12QNoBWU9Ncf4BGg7Ys2jpV
QmU22t4Dk68xDhY8iq6mmyTdj641JZup1LR2HktBR8kvBX
QmU2uQe9gvpv8LypRj6ByyMKw6VM8in5ioofGfPB7g9NAo
QmU3oqKtUW5iNqZi9jaRqRrijQPCFC3zRKojBKR74wUyL9
QmUAHQTBWgtPdBUbuvn4ToMERiFgj6AQFtNzAJbh6pE1TU
QmUCVKAzqJJ6NRYF4BMNNfvyBAbvHs3cuD6PqUFNefpnj8
QmUE2WRdbrMzAKAd3cedNWHsdzxHZR4K34WgCnktMjHDCc
QmUGjLMm8FV6te8WYfXc7DPqvVNdyDLpjL6cEJWTTuupAs
QmUGz4dXRTaxs2BxyyFkLA5brfj9jSB7LX4a7JEbJxhf3o
QmUHP5A5pbb2NHNf5LQHkRFzb7UgEck9NCJ7gFWdCz6JFR
QmUKVEDx4esxPX5cNUCPUEWPNj63riLk6byFbLV6Cm6A3w
QmUKZGBFRSs6jaoDstdbhVZpzMg3YwBaWqzrgN6ZuCMjhY
QmULCr4zuF94hE4WV59RrMFUwA7wgPv53CdwYDHKWxKoEg
QmULnBanRD2Sshthvoxro9oMFSLx1rvjX1M8kjAkfpfgvt
QmURsWMZ4qeZKHu6AYSrZwF199xoVRT1BA46j67MGc8XnQ
QmUSBjJu7HrfjFsmEYLgCEtvka9Yq8fzr8pDj6dAry49BT
QmUSKXZnd6J5RigpjjpmKyQD88U5MTawmEjbzZU6CkaBaF
QmUShQ75ZGkFPCyKm2XNPnScYfzWsS5RmVqqAaPdHz4zR5
QmUSu3VE1xdvqhRQzHRsW4htKxicibZfTqm6p131v4ESEU
QmUT7TLYw4zTBmHfYjpSqEkc6t2zr28AENa4SQiUsAC6sC
QmUThMhc4DaoBaGkLwWaYjdLrekPnqsbJBYEbQrepN6Kq6
QmUVg5bP6gkqZRp4UHeKnxBUpzDAVRmccRoJSLuK4D4sc8
QmUW1gcV47ZvpVjbjzFoTv95KhSrp3U5ckiVKzktL9pQmP
QmUW8d2xhq8bDVMo8HAXpJSPLwpTf4noeRFd7BFojyNpZG
QmUa89Y3kogv5CyxuMcqFDvyDW4Sr8UPnq1eNUxUVHhK1E
QmUc3NhxzWpmKgpWrzL6y31WhDGREJq791Wync43XKBbt7
QmUcAGEQz4fEBVnX6uU3Jcy5jfZb1NRe6QSMwbm6dLB5EM
QmUcB1764dNXdi2SMsPuHwezdSQd9EL5UNkvwwWjUizWj4
QmUdGa1GZZY8XWQCkW3tfgY6gUkhpaV5rgpnxKP2YiRKdj
QmUegDmkDkgU7v69xgWhKYGJy761DuXLsk8Lbt6MeGLqFW
QmUh4yL2QXmDnKi9CvzGJSzkrCuw6iPr3tGKy7RMZgZFMJ
QmUmU2TiuCNEhdPAmjY2WW752PLoLHrUYfDX7NMCGXKwpn
QmUoR7f87o62FBYs7Qyf5NYf3HsDtP9rwFvC8GiXDheKQy
QmUos3qv5EfhgFQ17AExy3D5LG4cP1x2syGR7ZWCuWFMd2
QmUvqwHHkzWNXeFmkKjrj4wLmdipDzQFCUXPNinR3D3qth
QmUzqHrfTLj51KU3L95BFMbLp12HDavGz7XNjt2pfWdZGF
QmV2y8htBU5j64Fry6j6p8TaqHJ2cbwQKkxNJbwRBsdmjD
QmV6CCHLtb2X6NLujByHQuyjQZWii5YGVaN97GiPhjw3oY
QmV6ZqPTTFgyxhBUEDX6SELgKaeHYkNUxxwgB5bQzkhJY4
QmV75Q36E8GbPPaEcxmkTTsYa66Hku7WWTUHLuGsDtw7m4
QmVCzq2WSXANLGBhqN2ThpiLQUHK3JttpFiE4tcg1ZkosN
QmVFPgJh2ZvVx7j1kHqnDV8JYACKjodEFb6ospkR7JzSmw
QmVJwSfTZ14Te29Sa1BEmjXvn8WrXCMHJGPhXH1DnftZeu
QmVTo3xmmk5FRWDVbtPnfHiKdsh6hpscnjnZet6Ttz65cj
QmVXJYGpD5z7i7qA5YpHHYG8YcjXzc8DSRukpEHiiV1e2w
QmVYpCJ6s61LVqSjJmDE2mS59nKZw83SXW2vrsXHrf9A4X
QmVaRkdKAbAzAtSMUd3YmPB4HMNrn1j4cUmj6hViLvPcWA
QmVfCTRGFHEedALwjSwWYRZTpxetF6dvUYF62DJzHPj2Kr
QmVg6tqVpP9181xjPjTdT6kY2iBe9C2n2DqxHUq2jto6LS
QmViCd6zpoT5AZFY1edeH2s5Z69T1cXHKxy7XtPu1k2cPC
QmVieJXJV41NKmDSKEqB52RuV2ttGZqmzLywq1wAr7XUzL
QmViiuTAEpLjGNc39hNeniGe5BwmKjhY9NDQ8EDmQtFAie
QmVkHngBLV6PcSt8kgtjdXBtDW9jwCfbptTL2DahzGucn6
QmVmahAfaK9BVZwSxTnWoiwvf9Ky5pVPpJkwvFRn1eurs3
QmVtGSKqXCSL22My7thNQpZpM9pNPFBr2T9A1uGVgyq9iU
QmVtLZ3GBdudZbVVFn64jsvriKcGmwzt4D3r2Pt961QD5e
QmVvcTZcAmST5JTTRXHaSsBfjuzfMYzbr5bUbkGnQsMUVR
QmVxVFL784jmSKSBJTQQ3YzfVyrxRPqTwGd1naib96mp4j
QmW1LQkYyYPvwzxSq9URMARk8X6vncsNTH58zkEWxTd64r
QmW7CxjGHjuzHn3RtfaSvGdKvZDJxWEAC9KLhKBLt7bYjK
QmW8FyfHLEn5hYMev6NsyNdy7zdC9rrAp1N8iGidNHFzfT
QmW8JoE1PZqaC6PBvWcKoiREo6Sn2dpi5dxsNb5hAgr4VC
QmWB6zw3rBfwpNfKv2TwtDYaUANbpYCjCSz5LP6xSrdgxo
QmWBGg8TqKENR7Af1d4Y9nsGHPdmn1gYAxWjueTEm3F4Nw
QmWErvKYUy3YXQtTuBKvMtCmNeGjhMkJ3eQ4sjUczmPpmi
QmWFYa2ySDAFa1GEvrsoGZWUBkZwhMGNtDmMSp2cJ2s31a
QmWJMiaKaaXEEHUUaCf118FHk7Qonbp3Cigg7VMx8mF7Tg
QmWJQWf11AQzg58p3LcTNrDBHLn1rSMqNuvmDf4KmoqbMu
QmWL4wdsnfGFXEdESvbpsKV7PvvG9LC36YT7ZjcEfSpJ6o
QmWL8d69GqgcBJKS8JJ36qDzj8LaLXt8xP6y8r5RXpdWu7
QmWMpHux69i7yQcsghCwVgKqD7wNco1Bjv4VKDyzpnG8PL
QmWPqDx4swvpnLj1jNyCMCpfKKNaT7mu5JjiEr2DJ5RHzM
QmWR3w4XJWH1u3RnL4AfHFCrCchyv4os92gd2qGQBLTjNU
QmWRkBEJGeTpFFeBx9dRMWGxsg9eFQh3Pc2xSz8qmcY9Ms
QmWU921AhzWVeXKqpq3q74rLweHjt2xhcjwVZWbaxHe4oV
QmWVgpoE4u4u9UtSwNsvwKU3AcDiwbPqKtGoCpLWnmALLJ
QmWXRi9nFGij3iFqmtmDbD63QKVVvtNi9ZfpxtC4ijduJq
QmWYoSdMxgntyK9CbEPJ2d9s5qQXvB8WsvsX9PcUemFEyy
QmWbaQTGDLSLisqXVp7fQp1AmA1DYC3xnTJmh6mTtanPjQ
QmWbrA4tVq1iDo2CFLwQSdCAbRBpLaGaXBV9Aqhq5LZ881
QmWepds4A1sZq12TxLJfAKf87YirZccEP9pUuCFLXKyjRJ
QmWjgGshj3QvC9dQkkFMBmDYiNHXjAmMVtum2VWjuMrfi3
QmWm6fpo6DRv3LcxmJcFVnopjoo1pWz6TXhjyzCV4urW2H
QmWmL68VVpnfiXR4CWANYBmH6yUtVszadheA7St8XYivLB
QmWpS6poKc8Do39DPFHp2uYTbkVsmYcWdoUZZMRNLzRcNL
QmWpwyLXxvkSwU2PYtCfoXp6Ene4jEFGEyVUqTkVTQ2CMP
QmWtCZ62sPR3YoCESNHcxjeYbLLCxK9pEGTHd321NpBL79
QmWtZ1wd8vUDds7yXPk6gvpgXtvCav2hCDenvUYVp4gc1C
QmWtrJtnNSpnsQygMB2L7Wo5GKFSaxSQEV9MjMEcU18tee
QmWu7eP7gThXcLtSHg3WyLyo7XgucfXKHMv1N23ehfyJKh
QmWv55V3moyYtgjMYRJioU1PKzr8VMaiEJ8aUMgzXct9fg
QmWvQzfrEKGin1KaA4PWxqtQCsbaGFAxf4bWLaRHRxq1Vv
QmWxFRq4vKebHaw1JWJmAdBetz2V6b21XQWgWFSR1AmbJt
QmWz9dEStUhEfq8W8uEenPgXDssGxwKrmfSvvF6yyVWmjZ
QmX4ggfyZi7TdBzTKzjRkPRBiWVQQempcaxFKRPsSYG5in
QmX53enTApvNN1ouGLdK4iYiTzUg4gsc4M8h4wVJF8K9pk
QmX5BbYzwQXMeujEEC5tbaP5xyCZ7FA8dMRFboUTFQcVtu
QmX5JXGjtRtoaB8UGkQfHFwpUHv8b1USvpyR7DuCv9JPyG
QmX7jH224LDrXfnZdVoSYZjBjFhrzoxD96Qkn4H2mjht3q
QmXHR6ic6HBa3Pr7eVMte546neJQX5hNi28KtwEA9VLrjD
QmXJxe5M1svaZpyX4hAtF1YBXSwnRQfovA5MarHTxWFu8K
QmXKbtUkydqtWEfsn6onMBPFRPHDpkoAsUHVA54JLZ5VZc
QmXN1jmRq9U2YkUGYJm81N756k2EeVrh3QhboGbBeStNeQ
QmXPDGtjeYcKBiMgWYim56Wi8oJWJEXY6u8UdyoZweeaFT
QmXQtdCp4v7PpCLw75Cr8L6uTytRHBSSbJFQvM5XPZTV6J
QmXSeheGWGbtE4u2M8jZ8KFPoQEE7QnYSnnFtu6SzVx7ko
QmXWBKWRqVDMCxxHu2yuBNmtEX1nD7wMZ2Giy2ACfYx9nA
QmXWEtyEA5TLTmMNy2qb9mFc4wTJcpHU7SnhQXzCjFRw9M
QmXXTyYnRXpxzPGL4NU9ZXqY7MdkHDvAGLK6LmuuWmNiAG
QmXZLVS14FSpnPcC5hm5N2QkDwDJ5wHA3kRAbGZ9rC7eGr
QmXZxUTcACoG5VHCynfXwCMHU8VrCntYCwjpy6ZwpsCwXP
QmXdesRZSNgRVcTaTzoj6pdqQGnNpdRzz9S7cF1Cb8H45B
QmXf6oJo3A8xUDaQhueVa9enho4ZzNspGGNpLUx6K4CULy
QmXfjaddseHso9jSExAtc6QXEnhDsLsxe4xoHpJVi7eN8N
QmXgDLLxqp9XZSneFhcANCNkf936zmiJFmdt6KMkbZ6F1J
QmXgFjqdHCY7JJx3wQps38XxCvABb4JGypw6H9n8rxdw9N
QmXhv6fXZSEoUDitBbDhwfdpPedoFa7VGd888kCh1Xc9JC
QmXimhaeqqfJkLvuJL7Xr3Z45YTDeMLgiKsSjMRYbSf6YT
QmXjZvrLMj8Kg99EHmA5TyRtB3YxVYCewPqECQAD342o55
QmXkj1jd6QQMiEBJjqVPi1dqWEMCsonUrVNv42okU5e18K
QmXnjeFMfyXyh3Pfgj7yuVyFgnKW2JqK73njVWiG4RDonn
QmXq9Bz8Q4Abr2fCF9J52kYcuTQKdQHSP2bpFt7QPyRFve
QmXsYgTBZ4SJgSWpuWxRDFKDu3XGtjcq6Wrssg4TPCdbCB
QmXuiXm3E75Pwo4VsbVi1hxYWLgaHFTBT2rbbVSZWsibSc
QmXxGPZDfPeYmcgJMbjPDcfqMUucPTEpvqWYfdKaLYYzvY
QmXxsFwkqbLManVcEBbDbvaFs5LNLZ2LEoqhwZuwBNusfD
QmXy8uiuVhXN5GHSyEvjtnhoyX1cn98oBoez2KbzcctUvi
QmXz6YuqG9TYDnxy4TejXxpnCV1A7prF2WA3JzCUArPEd9
QmY1ciuaAYCoNFJLQbpfMu9syCkP44NC5gHYUJu1TZkA1Z
QmY37PDYphkJ82DcpCH1fUeiWYRBvqAXmdDLs4uuVXuDZo
QmY5Kra1ygYAQGbdBLWXXPqHFopvS6iCnAsProz4GNiXm1
QmY6MRdefYGzEYFm9HPUCjnVHJqLKUxZ3aSDQPAoTqK1Bk
QmY7bNDfey3bEfPDHFKnDTLNVDy6ccZ4KRpz5hc7cvWdeT
QmY84RXq5SCrBD7f5Cdj8dX6ahoueQJzg8pCP1PJNbhAoE
QmY8jsiPnJQgDmzGYUZrMzw3HLjKQTS1GGKGD9BYifpH2w
QmYBNetCpF8vVZGm8EEwytZcjseGv9XhTvbZ9JeM3mmS1s
QmYFb6syaM7xCntLdnu65CX3Aqhcc6VDggfKn2ecGZi13W
QmYJZjv4WsuxyRn544YaTsfTx4NxnRAywqY1zY7PZmFP9T
QmYKa19asCT1rPxr3uGiL4LYF2bPKppoDENMNJJEPKxedH
QmYQW8mpuUFgAy7S9mJD9ffCUWvqZukePa44WpFNYbwbWU
QmYQiGDfE2ijuw25SUbr7R9C4HR5mxhHT9eBVX5RA67xFv
QmYVaovzFrZQdzj8AuiAXU4ruUFVwhXXeCddWRzug4RekJ
QmYXTY6vtxcEkDceXeNSpS4x6BPx22eeJ1ByRtEfShKYv9
QmYauxG3683t8xSFKhG6aXLMqAfpDGsoxuYB2Knur4wu33
QmYbujARxN5SWH16ggb3dEPq8pNRhf694fK89cHA87eYNq
QmYby85hSxaaMc2pzcZoeJXbGwX2XiCSN6XzREYDv4JuA5
QmYcBUyUawpPDzDK8NvTPSa777wgHGL5WxW6MancQqxqZe
QmYfTWF6WZTqahmyeuwa4uqPT4oJxWvygb3YqJnfCTkaX5
QmYft1uPD4eDZx3tQncnQWVpFC4xDViGcqDsSzmBNczLMh
QmYgSpqS1trvzqfMDSGHV2aHe1uPMEMcwgcuuNuAq1H5uf
QmYhQDSKZiuSEG1GDosPeRt9xGdGn8scfuNVWX69Q2eAyG
QmYhiuPXy9ByRiNMZ8FjDmuXia4Ddnp1ZsZ3V59XFugSsQ
QmYifLtz8Fc26sk2aCLrZgkzbmB3GrNDkqT36n1pZEbC9D
QmYm4g2Ve6mdhUiYUcKiJgRBtL2ocHuNfEnV3vNmzQxxDG
QmYoYdr11q4nrbMRGmmXFtyGb7Mdi3XqaUWCRRqdmG3S8S
QmYpSPdtShN3CNgU7XxKcC6aLEGWhdrbTdFJ7A3f8gTeEt
QmYqiT5C4pmaPw99FkEKApR3T3VYmEQPWm5VHqqsnSu95h
QmYreHnezGuZ4KAphMg8z2XubFFawvp1jTcH1Ntatmkr94
QmYtQ3foUad8voMHa9SPz8DpcznMZc98BhEETfsXhDZva8
QmYuz9tvh1dw3zC7vkRp44NUb9vWETWLeEYpeFZC123nv7
QmYvReq1Cunrhx2Bkf2vUtWkB9p7Py5yfRqcVkchbZHLjL
QmYw2dggGZrBFGuNk76KvoSqbymwVzzFN92naYvMTGzBcQ
QmYxorwc2j2Lxoow1ApthpbqfZ2HnqpJpPCMXdeMaB6RUu
QmYxr39J7koqA6WTqG7vJfUVFJ46NvxniN1Pa1ThBuwMjT
QmZ4bS5yTYjiwybFzdiAwpZ45jaJTWMUpJCqiimwAXXyTr
QmZ4mjxwfJxqxkXSgGuQo3CeLvYTLoXZsRHNWBiGuf961Z
QmZ5yoHCCYT6W26JUo7BVFDijUB7THLF6KiRsoUzd4PMmp
QmZ7EPuK2s5DZue8gPdusQkrkhxDmcbstDUe6FEi9KLwdA
QmZ9VkREQqkB3fqjjqrLzaNioMAXM4H3B6nkj75kxdtTp7
QmZBaA9TJDnihHAEMs6mbbmbH69aXdXA8TSoL3R3XtfCeJ
QmZCWQF46wQxAFQdoAiVm7eissYjgeFParXwzCXGRr1ABu
QmZETCdsduom8qaWQBkJD6Q11nM7VLpzBKKmnVgZg3NFJa
QmZEoDcH7t3e5rETyLUtaHCfRzzzz5HiXDKmq1ytgBzAHj
QmZGGfX1PD1W7TjRdRCCshAU2oHTeP3LjKjua4r2DkRbLL
QmZGj4tEGVh2Thd9vv3uSHeCdqmtQRzUjPdFfkfFSPuFwZ
QmZHSkDqF5uPdsXC82CHC2tX1PbKjB4YjGjN7MqyP6z5wy
QmZLMPTR1m4ef8vCuhPZsH8z4KS3cWwrL8tvZgQ7RS5tM5
QmZLqCXbEHMUhQjZRXcjreMnj42PbW4BVA3Whj5ACZF7VF
QmZMzRYYCRdHUebCncb6g9ZyCoH5ZhHXbKeCvpDEjEqUmg
QmZQUJScC2vnWoqDmYzvbHgVT5akSiWWj4psF5qrer8gJN
QmZUeSYA5SNNXqLFqaEqmpnSzWzrWFpibV5ajx4AAfSdEM
QmZWUBBGzfzQVBpU6HWxA464WT1C86KpbZVsMQ1HA1XAQj
QmZY9vyTqXHTX25VFNAJ3625m5kzqoZh2hctVM2Rc9HcZ4
QmZaFYciqvnd31iQG8oBEK4LFNDEwkiKnpAad4auSSKuVL
QmZb9JUaVTqHvubn62XcD8TMbf9sFabzjEgKQoiWPTapnb
QmZbDrVWTaVZ1R38GR5yKo7dsAdRsgCnsFef5bJppkLpxj
QmZfze61EPdcyR4crMCpVTTu81XYqQ48QtqJs11eM9yHZ1
QmZg2WZ3ugwkuaTeAxwiH3jJDU8KKJQTbHVbZqD11tszQp
QmZhyUwVUPawvxpZwM5wLsya8nqY24dBRPEu8gGdreyGBG
QmZj5bK1YaTRDNjEtNHeg9LRhWaPZvEZdptf9QM1J6N7L9
QmZjq8S8HYZJm9W98uyQx43YVL5W4ChhwHiE5gT1oJX21D
QmZjtPTTs6Wu4we1eJYei3Ts55QNVcrhSV21i2Jyh7JDXv
QmZki9nnCJLC8cm1icqyjbzzmeq6uJVSXLWsDLqXiGAGrX
QmZnpeihiPYtj4vpLN3RPqKzQk3i3g6UmvtUHtSCHR6Zvv
QmZoVpFS6xpu6aEN81ASJep9exDQsoy8petEAwYcnbkcoN
QmZojsebNVsmsrAD5VKJJ4jvmj3nK6XegtazBXrWwyNAAo
QmZtWjYNdvPMyiLfNmnJhFwVzBR2gBHzJ86VuJ6dReyLjU
QmZvJGzbGr3sFrgpqfQFDYMkRz9CUwrDrUftaCysDzw5R9
QmZvsL56ZNjkkPquVitRNuihPsJhAczLgNZZHtN4gkh4dt
QmZxAobk6PRaZyxsSmiLDY4Sy4s2SaJ2Tqrk9g5tgjSYNX
Qma1As6g9Doj8qXQSJJxRC9Cfuqz6nuDg6EkFdZFbHCSmb
Qma2AEPg7gRWZkp4uvQ3bMVdvAc9zTbWhRf7Q1YkAfrKWL
Qma2fruNgVLExoiBX1qvREjRcBiKmTcovrRuTKyiftADGc
Qma3rVmqxxKUdvzu6Au3ZEDkPPRuvBBoh6qcALr7aqw9MB
Qma5VT1F7kGtcWBW2SQXvMv1xUa3JVMVTZRxmuwQ7KiwNL
Qma8ygAEUZ98nBwQYd1HCzPiUH1u8n7bvwj6HTjczVaQHM
Qma9y61Bp3TUgt7RFwMs2TGVYf1jkBTU2XYCJ6nbBEZnAr
QmaBZ8YG9QY7xmi4C2x6kAi8tXBh1YmazUM747KvVWNymR
QmaBxJ5CF8VA5eSQjdvroAc5VCJvZmo1qU4cbtk5NNsN4v
QmaDkGK8ZkS8pncAf8ZaQGSDJ98Jh4oacZorDrpvcuRRkv
QmaHCQrNALJhyoLwtKZTDZj9EbaSq1SA3Pthrc5MMMW9dQ
QmaNKJGkv7iFWYwMWZHfidkjRVgTccJLaBJN9jwNswtcN1
QmaPeN2P6EJKCBFtxxxyCiYrBipe13Qm48CfN7rC8vcf9f
QmaQfwAZkC234kr2DDLs4QeAqaZiK42FShvPqmRSEUfM4P
QmaRmCcn1P15my3dShFqtY56BYiPjk3s1tG9iCssLAabzS
QmaRoMmQn2ybCznWwyqjEkk1RKovU5LqgMK2WfbeibiNi3
QmaS5AgUrkvVfiPSmaj4YhxSDGNzbU64h2rDySM73VnyL2
QmaT49X2twVRSgV1UgVyTCaG1W5Yv8aB8UTK5Crvzqe2t2
QmaUG1zeSD1gtjsEqCvNvHg4Fkp2UZ6qFSyJr6fCeNXxDq
QmadGWnXavKcLNVsiLWBcBW9QNa32NqQLwmHptvLAdqosf
QmafAy8JugAYCWkht6zaDbZ2Z96ww1yr2LVJc1rSiXCyC5
QmafNrYLLwzsZbomBeMZ6MosYqnecgATZG34t35GegMrPB
QmahKbe4iVY4ESCkqcBHV6LFys6ymxJsxRBy9KLgVnzqZW
Qmaj5SGEaWhgxjAwogv2YWHuXS5VgKwBMzSHhqbrPots1W
QmajcnjHtpGNZ1MezyD8JrpuTHVwoUQDEgksUXEzbnnjdo
QmakyXfWnzz4PyHxFtfL7TxZwgrtQ8th6aqugJrz9kNR7s
QmapWEtts19abGWgpoWtRLvjmkQEnTuCfdyskFVwyw6yTr
Qmaq2cdwxwyCpo5NNEsyYXFscGThhYCikC92k5dwQXYhdw
QmaskJ3hr1WCgXhSCeWE1iDUurdonf15sSj1m2TKDYiizw
QmatisfQj8o2wWNJxEbMtgW5qJwjbE7P97o3tLoZ1nmskC
Qmav7wtJeWQhj7iXfBcn6wA4dQoHooDtHZs1TwTpTJojWf
Qmax9VjFq7EJE6TNn9sFXjBS5rGBoDip8oZzPxARAM1PFr
QmaxwTW4ijdkoBh3ZTART5gnKsSH3Z64GK5pHara5R64ea
Qmaxwmz4ErW8gorMAu6GC4bWBeJ21WSdgEQvBP45RXKncu
Qmb17yyQr8hFUcbwSMBR757HnpQ4NmyGw6G3mK9CETCT5r
Qmb3DHxnKTWdtsGZaX9KgoZvVAMM7YRJ5aoEG7WsRpZtv9
Qmb7GnnFzUvWsdXrtmue7CwpAyzYTKFj2SnjjMj24FF8Aa
Qmb7zSVT2DZWFYFkQ2GJqSrgVDixEC6JNj2TSVdjcQR8ap
QmbAyU7fnZ3wa7pmVGnH6R9nS2QFcSWKRF8ZUHBiWNUtWx
QmbCPYBF6n1icioqsLFaFZKMysGWyerY7a4bDzYwLoneYq
QmbEa47JesNp9c36VtbnpxJWqBgQ9pvWugDzkohr9Gafc1
QmbEs8FW12bLGimXqNcLhme1Ww1tHGM7dUQRTQgLd4ptAQ
QmbLWHZKRmU3QqCb8KnxQTTBmbJapvr67RDZYztcsDy5TV
QmbLbvu1Ys2ouCgUW7rPw1DZxvCqYms2gwLc4sx7AMi6wc
QmbPqTfoUzGGiY7BFDJKLekbRVB47otc4cDuAat3MpD3Gh
QmbQ98Bj1FAiSsjQfUCHSHPtUuNV3qHJFtcZCPqEBRBkmc
QmbRxnH1oQ9bU4GmfpRq44KPAbL3rjH6GJn3fe8NYpmTCT
QmbUqcUXZTYwyF9rJ38kV6zcjnrfAcrAU395sCzkMEQrNC
QmbW174ZFDaprkico8NriNBHWEUBW4qbZGVpxtgigNRNJg
QmbcWiWFXJW41b5hMaLnQ83hi11H5fTk38wSgErhV41RXq
QmbcdVPqcCVo3igXMH62P8zDPjy8RjiEeRzqnXHY9WHBHY
QmbhxX5B5VJzn4y2rK3NLbGkb6ZzSifXSdHr9C7FAW5Bp7
QmbiBk96YiF3Ww5g9fmrQ33UAvFWv2UPwYH9JBPV4jgJ8M
QmbjcnzfX7iozH2Zh2Je3fR2EPY738xjzRhNFG4tSxL5GG
QmboFcgPd4vXwgjd65k5d1ENKMpmoN6yVFmjjkiaeqJMWq
QmboUcuZFWbfgvEEsF1evrZowDUcrfzvxhqkcYCtzktWrN
QmbpwDKnR7NoveYVErMMQLSSgRYAgAZjih2BcoJPJM7zAT
QmbsWzksJHgWVBBtQGnjzueoVkXjLJgKCs6E5FbPaVeoP8
Qmbt2nAyUssXYruqFJUaUeJS191LN8eaLiGZ8VSdFP65Fj
QmbtUwfgciaxCHefuzv83r3Am2h9W33KdXVHTX4vzJRUvv
Qmbv7ueBGr1V5xn4B8dYHCPTpWogsjw4LqSxhVWfJjnnzM
QmbxmpSomeRTukSzbXjC8u6dW5rZxCKvJi2ZJYFmZeNn6R
QmbyaLvY9PbZZjqGULqvxCQvsjpMRuTGDZgvNdiGiwtaC2
Qmc5PeJmpBJ6XogPN73pk6WmHMsehgosLXDiFGYjKmjXY8
Qmc8PMUd9HzcPRZqfwGFyAUFLsdv38McWBrhLHFNg4NHTq
QmcCYRVEWhDbMwyuGQtGeKzcUwgjqdHZexNdXa7ByPR38A
QmcCZ7yXiw8nFcHJitSiuLvMC5jQqRj4jCrECJy6amZh5P
QmcDAn3C2NkXu2c4sypngpcYbEzMvMuhw1pTZdjbibaTH7
QmcF37hqUKQTVNj5D5pFpKrQti4AVtSHZ46uUSRdfWxKHf
QmcFsomJkh6onweWASGs2EWWcjdXajAJyb3Cy13eNLefEM
QmcGiaAcvGnsciYxQRdwacY1ZSZPwb7Zsdhe4NrpuHJNTW
QmcQpTx8mr4ju3om4iZJJ4mCn7PGnXm8ZpkNSCjGXiNSXc
QmcXdghtZHESCd7KnSUFTTnJqY67PQPrDNDDFKgDW25DiZ
QmcXuR6WwhCTcDmqmBrqXSGHVR3ueEj1JGBgMLAwmGX3vN
QmcbxxTVypgyQUQgM7DjU8jk2rA1f29W9zgnQcMR7oNp1L
QmccCoxY1YXu1wYTnCvoge7fXdAukRjwsZuXmuspUY7XWH
QmcddBR15DUmqEqyuF6maEYyM1RH154FYphMWgfEupfCxc
QmcfWPU1SzyeTo84DB6UzwKucYuYAvFmFGpdJwKpeQnPKc
Qmch4P5ES2PNcN7z7NTxtv2RZtSLFG9yPedc7NTMkymKrX
Qmcj4DU3fG46NMSt32rb1ZoaP2rVqYugzsyGBHEmsbtA6V
Qmcj7hxAMqDuV2B3E3iZ9cekZWJzQ5cd7K8kjap8jKCw5g
QmcjDhf4r3MdBWu42hcn1r1vpcMkcbGaq415WqRVj3kpzG
QmcjmGZ7z9XG6XDaxRi7Vr8f41yVmUSVi9JpAQ2cNNJFRU
QmcknNtbmpqcGo8fnmMdEnD5iRb7ZvPy5fYURVRH6jrpaU
QmcojKQxiDGebZebs7AkXiqB5Lnsw6bBRgYSvWCdJYsE51
Qmcov4q3ZNj8z96JLt2VPgZPhCVmzL2fa5YzStqbWE8Wm1
Qmcx7XoFDetbY4djQYBZ3XRhzuEuYdx7L7PpDCLac5UAE4
Qmcxap9F861piBFWNDyyXMMhZ4F8gkZCcU7SR71JNV1xjn
Qmcy3fUwcygbX9PXnH7S7S5cDW96etKKQpUYVVPxi7q91w
QmcywXGNp29ug9dT1mLQYaShkVPpKZ2ppsk4oFXX1mBtDR
Qmd1phuZVJFm7VepJzonokMpJUKS3a1SKuMYVioqS4Zh7v
Qmd4PTsYWbNz31zMHzxnhuqebxMvRtEFT6vb8bZMAQft6E
Qmd4m4da5tVGcjtoSQSYzatKZskR7dyq2FdgTymoWfcRoR
QmdA5jH9r6hapMVCUr8brGfzxj7fRW9tkLgMWAq3Sne2W5
QmdEA2pHFTVjmjepzoRZDMnX4aKrhWQEGEV6hLiXRLkqGK
QmdJ5dHEKoV1GNBnsGU6Bg7k5x3j1J7KiKWbCxcFKwJrim
QmdPGNsgmkgjdD3VEBegurx1r27kZtPHJ5GMaLgq661Lsn
QmdPQVk3kfzFHtohD6nFDoyHAjuy8QZcEodEvYM6vqLj2x
QmdSedEtdn5yvsKFu9YTgz9ZXs2ohgna9MMnc4H6b3GqM7
QmdUyeKS3bcPpZJVQbeWcSnex7fGhywDi1m54115TiteUN
QmdV2kP8WzWNzHH3Pb5nZEgty86Rn2hy6mh8ztLqZEbU76
QmdVbosNeEbeRbFZG6MMgziYLGuqnj67xTjL4CDr49y1fc
QmdY5m9zgmRETsKqNVrg5j3EG4v2j5HVRjsqfFHnU22zsN
QmdcBfRVEQ8zgLRg86aCyN1suBEryEdCtynRJn8s5Jr1Sq
Qmddtf7W7Vz7isY43R8yDL6dtGzvG1diwb35YyfxXCxAoq
QmdeLMAMqrmMLJYEyubzXX2q5XYuuG6wrTJUVx5zxHFS9v
QmdfAN6vLHmm59x7VxCa3GFiqBrxgdbRyHXoubADwJMpDT
Qmdfu4vkaDJVBP9ETFqEAHmSxVyTeXE382mDmi55w9xrpb
QmdhqgcXypDUgu7Yy1S71pf9s9pLQbYypeaadKz9y3rdM9
QmdmyFJj2BTxiTBDFHATLej4tYtjJ2AUstsLJNfAX5gcBZ
Qmdng4hWQLAQ4W4xrdQbqfku7ULLnArs8GJomjeMHwCP6G
QmdpziNwYdBC8cK7Kur8dBSfQs2F2fRQbAobLXiWhj9hhB
QmdqZZ6uCR3QwNDNK7qDxozvGiDAqHgptBw8R8ydSQfMrB
QmdqxgMZFCGCPoBwUNzjEULRgF8TbZnEhuCqKE5L4cPKYW
QmdrfTK39rdnxZ3FYSStPhHnoa4oM4f9arygPHdECndrBX
QmdvcDbH7Vh5R8cxRsNmp7rAR2sKbmCjrBYMNJUVQ7vV5F
QmdvmqxdNNusJkpgwmhBakzCeWN9V5jXz43uBKc5MHRDj7
QmdxysNVB96NoxyemNfNCiJjcQ4iStA5h1Q5YbQ4RaD4bN
Qme1ZBN594R3VeC7aKnf1gut6qhB9aid7wyKnzdpd3GYX7
Qme4MbnBqqbqczpNDtmJVKkWLVf6tFj7wBq4vEFbDkpWjt
Qme68PSwH1bTeWUckcQ1A2tJAxK7RxZvFSwcYXB93rL3dS
Qme6uCxEeodD14S38D4ApKGkvnHNDYgazSP6SqZXBj4SST
QmeB73ic47jit8nRU7b3wUijQTxRKNgqBr5L81XXe3Dh86
QmeBYiHk1YnrdkwL2jFNKtuN4YTxiYYuU9UnjXbnbMagEY
QmeDK1YY8keCHR3JfoMDaZdiBP4Hjs1mdMzXCGHmybuKRj
QmeFHeSVLz3rD8B5SF4w9TjoHBnLzAhd593MYek3ewyNcH
QmeGpeV2ofcnDNq3jUgwxTs6xf7dUA31Eok1ZDCrfg66Ng
QmeH7k6WTnbXMHsGasbmyUGZwuRaLAo9RCZdebJUGo23rr
QmeJT5dY9ZSH4eyqHiKzSn3vMV6pMTTJ4vTmDwq1Hzm2uL
QmeRTWmKfxeE5u22uwdqkHf9r4q3R8gfRd8cxeEF1gZLkz
QmeT4ypSA4sx8zizd8DEjcJSb93wszLvc5mcHZFAxvz9x3
QmeTxUd8t145teQ2g3Mctx7wejCFr7mFB51xJMGK9zKvAR
QmeU5iCKmQS7skzpwwmBm6jCHEWuMVH6UXn1dKbsLLdbu5
QmeWtxGv2MornSrFJXSC66ib6WQcq5sKt923NAevkgiReT
QmeYhX3xdXzZ99ricHsuNZ6qwUhvtrT37tLBBcdXkHy5XE
QmeYpicmgRZkPB2GoCLz47VTqjBb5QXuSCWSPpK3PEtBuk
Qmed6QwnA1YN7w7d3ZR6P9g9CkCKPa3sNrkR5w38yM7FMW
QmeeAd7jpa1Eqk7K5zqA4jn3KbkRz8m5fBCDogbR8u15Bo
QmefNiDbVpkpeYkuA1ASR9HpNtHVinCn1yL9J6wjyYsEzV
QmekYaEkzRjZdf1iwJGYvWf8sNkcS8mwFy67TvkxJVuRHa
QmekcFotyw26GTDpAZx1nMrkbn5Ljhq8fbx58m875D3UYQ
QmendEzrzDU5djFA5MXjtDgTq8SEkJZ5b697MYsSeNBxhJ
QmeoHkpp9AuqeuESm48UkS68RUfWWseA4xzEBRQtGkBjQ6
QmerUqnXD1GTRnJDGqs4zhe19Hwk4oGcgXTRYny4t8uCB7
QmerhFMrrD2PLEniV9MpLgGG2bA2J7EfPFJvGnwUjggBHs
QmerizsaWXdNx6nKcPs5KqJEL7kH3MFZMfKvhJtuKRXkvq
QmesPkqmSf4brw5Hqg5Vrf6TpDZPQzDdqJjm5hxvvrTfLU
QmesiLmNJasvKtT4qMhE7BeLkrLcsqyXtcmPyYq8c7em6a
Qmewn1U2sXvS2gb1HYS2dGboAsuKnmEzepBmpCfMus35vF
QmeyxwnMCwcTcyU9LYiH6y9chH6YNZ1pZw37nwZLexsYxw
Qmf1Um4bQvoVXXXR8Yg6MoDbDS7pSUQEk6V7bXFT7Z8TL2
Qmf1zaispxQqrNwi2KvwF7ywKCD4mpxo5Lruh9K1cuCKvP
Qmf53TYET9NfLPvhYheCts93yRwcSfW772wsZzXpLABuhM
Qmf55Ui1jnC2p9rCfy7XbZHJA12htDmP9HRM1ShzdAbBVw
Qmf8nuLuoBwj7HB7BnoEoPzGYKxZPw1Kge9dtZkqeY1MFE
QmfA4Ct1XEk63a3iAE7DfBmdYr4h9ErXzSukhTwdAy7i6K
QmfAoGH4vodxzRNFRYXL9Y7C61YKyEdRgDz6haLHG3xQ8b
QmfDHtjJLcu8NxhSzkJcYsPX3u2Fki41BTMLiojFnqJnjh
QmfDQtg5hH28tp3uSrxHfUMcDhEj2mWBUWWHE4hFKx6GMZ
QmfFo2poEa57nnqK4nztcDPHi6EXH4dcgs9xQwejTxPHdp
QmfR4P6zeVQhJKUoCN3GfrPjDhMCyJmcfKcqUN6PKxfoh6
QmfTUv75iT8bE4BFptz2f7QLe2Hqrue1gzCsu5BNwt4XST
QmfTgmouDfsbN8u1UqNhFbiDk6rASno9Vqyud4tfqUNEYM
QmfURTKPkZN3Se2ymW7WYKvrzL3qPbBvmd7NWHbkSAwXsD
QmfX3gL3sK8ewtBuCEiiz53BeB3Hu8kmjwRMiN41ThPK6h
