pin,QmZ8SZgRdG6e3coxhQ7X4bpe7VpoPn64qekYX7vBWKzmm4
pin,QmVWxkRsECuUoxt9cbapksKhXhavFRU2kk3QdWPu7uMrPY
pin,QmfJNJvmayy1WGcVSdYZ5qCjE9EbxqFUhjzTsef14rBgzz
pin,QmR9ZvWJunrGLm1wtLZ8LfTNJcXMnnPY7xjhGaW9uvnuMK
pin,QmZGHSpHBJATD6v3YVzaLBzsQwChCb5gXziHVtSzHUrDrK
pin,QmURQndALhu9fNSe1zo1xAyFJdbGuE6SDj4q4w4Vwti3ax
pin,QmZ7ou3BocqjeNj6oGNutSR4g4fzMDUYJqbRs1b2SUf1mL
pin,QmdQEnYhrhgFKPCq5eKc7xb1k7rKyb3fGMitUPKvFAscVK
pin,QmcAtTeEttsxW7ajmr4hfGqiSpqb2nRmda6eEQHczGjjSU
unpin,QmVWxkRsECuUoxt9cbapksKhXhavFRU2kk3QdWPu7uMrPY
unpin,QmVWxkRsECuUoxt9cbapksKhXhavFRU2kk3QdWPu7uMrPY
unpin,QmZ7ou3BocqjeNj6oGNutSR4g4fzMDUYJqbRs1b2SUf1mL 
unpin,
unpin,QmURQndALhu9fNSe1zo1xAyFJdbGuE6SDj4q4w4Vwti3ax QmZ7ou3BocqjeNj6oGNutSR4g4fzMDUYJqbRs1b2SUf1mL 
unpin,
unpin,QmURQndALhu9fNSe1zo1xAyFJdbGuE6SDj4q4w4Vwti3ax 
unpin,QmZ7ou3BocqjeNj6oGNutSR4g4fzMDUYJqbRs1b2SUf1mL 
pin,QmY5xzhHba5NrmfNEtkkHH2ZKgKRs7GqkPvgeA9QtBzMd3
unpin,QmURQndALhu9fNSe1zo1xAyFJdbGuE6SDj4q4w4Vwti3ax 
unpin,QmZ7ou3BocqjeNj6oGNutSR4g4fzMDUYJqbRs1b2SUf1mL 
unpin,QmURQndALhu9fNSe1zo1xAyFJdbGuE6SDj4q4w4Vwti3ax
unpin,QmZ7ou3BocqjeNj6oGNutSR4g4fzMDUYJqbRs1b2SUf1mL
unpin,QmURQndALhu9fNSe1zo1xAyFJdbGuE6SDj4q4w4Vwti3ax
