pin,QmTrJrrfNfJFPy9aFTeZXBF2ChcKkbZAWiHoPi9GvYrh9i
pin,QmdrhXUSiPHzqUAZrmA2WKE9hSP8mfsBpiWPUUHvLeUwMN
pin,QmaDFjQxB1P9AH5BXxogqYm8hbv5r8UbUbNTiksaa34CeK
pin,QmcqYBuhP7bYFo6Uc6KzZcjyzYRP86HZopnmBcC87Xj7ML
pin,QmVHSmRiSnP9xMvfqGXE7YpQQ7cPtxhr8uegTvCwwa7pG2
pin,QmSssugC46jZQ5iJGMhKzaaPwCkFkAWrorqyDc7UKUwYhW
pin,QmefzLW5Nsemntj2wrqf7Hjmnm5bJcz91hPqym1tP2hk5X
pin,QmXrEnAojoC8vAhWLtdStpVALNfuxjQeiGdPQKSsbPthjz
pin,QmS3XympJfXJMBMnNHLyKcMuB6c5gcRcAAtjKT2gspD1CE
pin,Qma1o1DivC9rvnyMrCFwaxmMZYSpZhLeixUN9VXaRE2z7L
pin,QmTrJrrfNfJFPy9aFTeZXBF2ChcKkbZAWiHoPi9GvYrh9i
pin,QmdrhXUSiPHzqUAZrmA2WKE9hSP8mfsBpiWPUUHvLeUwMN
pin,QmaDFjQxB1P9AH5BXxogqYm8hbv5r8UbUbNTiksaa34CeK
pin,QmcqYBuhP7bYFo6Uc6KzZcjyzYRP86HZopnmBcC87Xj7ML
pin,QmVHSmRiSnP9xMvfqGXE7YpQQ7cPtxhr8uegTvCwwa7pG2
pin,QmSssugC46jZQ5iJGMhKzaaPwCkFkAWrorqyDc7UKUwYhW
pin,QmefzLW5Nsemntj2wrqf7Hjmnm5bJcz91hPqym1tP2hk5X
pin,QmXrEnAojoC8vAhWLtdStpVALNfuxjQeiGdPQKSsbPthjz
pin,QmS3XympJfXJMBMnNHLyKcMuB6c5gcRcAAtjKT2gspD1CE
pin,Qma1o1DivC9rvnyMrCFwaxmMZYSpZhLeixUN9VXaRE2z7L
pin,QmPd7d8cmu44FgATHvbiNxXrEYrHqAmYTpgZjYxtGPXDDN
pin,QmTwokUuCr7Ve67qvahjg9avqYCZWjH8PjfsTS5SDUK5eS
pin,Qmbh2iFCD9We4VPyCvFjRMueK22D3Rit3U4AqEMBzNanwb
pin,QmbmPVJyQJ26o2erARDpKiizzD68LDbmrJbRXE139aEB79
pin,QmUMnStq5rrDAfFRvKZdKoHQ5zoHBQ3FwCenCUtgbVZ2i7
pin,QmQTSrq4C547XZW9sPMT7GjJ8JtReXMPLyugwP4ckUJG3h
pin,QmSdVsEurM8xHGnDggpyek8E6DWqqiYgoSEhdaJ4vDKuB8
pin,QmazErzsKz2eYmMNXLzcjnzhsPCmNDFjuFMBBrL6geMwoZ
pin,QmSBcVJpKujbN3nQ2maqCpmkFf5zJTYB2ZbKGmazkckj9P
pin,QmccvRkG2THHL4TTy11xJh9LznPCZTmBJQFpdPzDspSC5K
pin,QmPd7d8cmu44FgATHvbiNxXrEYrHqAmYTpgZjYxtGPXDDN
pin,QmTwokUuCr7Ve67qvahjg9avqYCZWjH8PjfsTS5SDUK5eS
pin,Qmbh2iFCD9We4VPyCvFjRMueK22D3Rit3U4AqEMBzNanwb
pin,QmbmPVJyQJ26o2erARDpKiizzD68LDbmrJbRXE139aEB79
pin,QmUMnStq5rrDAfFRvKZdKoHQ5zoHBQ3FwCenCUtgbVZ2i7
pin,QmQTSrq4C547XZW9sPMT7GjJ8JtReXMPLyugwP4ckUJG3h
pin,QmSdVsEurM8xHGnDggpyek8E6DWqqiYgoSEhdaJ4vDKuB8
pin,QmazErzsKz2eYmMNXLzcjnzhsPCmNDFjuFMBBrL6geMwoZ
pin,QmSBcVJpKujbN3nQ2maqCpmkFf5zJTYB2ZbKGmazkckj9P
pin,QmccvRkG2THHL4TTy11xJh9LznPCZTmBJQFpdPzDspSC5K
pin,QmdnBt7yEgQmxWtGCjBZiS7Q98Q3DaZSJjTygo9WWjRkyC
pin,QmRY22aa7df2SHMJ6mTAEUCzvHXk7c6PWdfDaYENCH34Mx
pin,QmZGrND7oXkPEdqN6zZ11SqvKH8ugmDsKdb8KVHHapu8EC
pin,QmZJnT3a6Pmb9JvvS6Lc793H7AQj5Am6Cpex5SXDLGzvQD
pin,QmY8BzxisgxLnt8Y9KAGmycjFjbNrmDyieYbzVqWuYnZ3x
pin,QmXLfPxEPn4Jw6aHpc6e4ehfExxZ2VM7Zh5PV1TFiwkUHK
pin,QmVX1wjpob6VYyaSemP5d6aiXWwCWbBxrTJg283Amn7JUk
pin,QmRhGCbrKkLdGbemy4nhPma2Sd6FKEuBh5KUarej5wU24W
pin,QmZoner1PCHmLRCjs3NDHdrbmeUhuNWejPoeERTxs5Db8C
pin,QmW9kpubzj61UwCz9XjbGL6mBxY4XH4NwWN2NYgNiM3ir4
pin,QmdnBt7yEgQmxWtGCjBZiS7Q98Q3DaZSJjTygo9WWjRkyC
pin,QmRY22aa7df2SHMJ6mTAEUCzvHXk7c6PWdfDaYENCH34Mx
pin,QmZGrND7oXkPEdqN6zZ11SqvKH8ugmDsKdb8KVHHapu8EC
pin,QmZJnT3a6Pmb9JvvS6Lc793H7AQj5Am6Cpex5SXDLGzvQD
pin,QmY8BzxisgxLnt8Y9KAGmycjFjbNrmDyieYbzVqWuYnZ3x
pin,QmXLfPxEPn4Jw6aHpc6e4ehfExxZ2VM7Zh5PV1TFiwkUHK
pin,QmVX1wjpob6VYyaSemP5d6aiXWwCWbBxrTJg283Amn7JUk
pin,QmRhGCbrKkLdGbemy4nhPma2Sd6FKEuBh5KUarej5wU24W
pin,QmZoner1PCHmLRCjs3NDHdrbmeUhuNWejPoeERTxs5Db8C
pin,QmW9kpubzj61UwCz9XjbGL6mBxY4XH4NwWN2NYgNiM3ir4
pin,QmcFfHHDaJZ2qtwLfPzggP7EfzZfeKPZVSBQBE1yWBjoKM
pin,QmZ4Rn7qnPmdaZ7pQ2dpuQyfSNN3dMeZLAuHZb2YpY2Fuh
pin,QmWskWZu8CPN1Luyk6yRiNQKvD5kRGDdGgchaewKr7bkFr
pin,QmSf75YyLQhvv27bzA8yrRN6F2dRt8i4XzkQHMhULB6anP
pin,QmY8nRV8dPxFVsQPppSxjNMnoeXpCqgu4ro2Vb6As1UUbr
pin,QmZVYWYXekreQeqUzNBLGYVbfY1yUtwNNERfpVT4oPPcgn
pin,QmPP5u1GfF2NJcsgjLSg7R51oV5Py9xxMqExdtv95dLgGQ
pin,QmWjvkYATVat248Cucedgv5UH4gfPywhnyiT5XER2TV3ts
pin,QmYDeVHfKdUxBPjTVM8c4LGnKMcECzbMAaxSxqSX7iJDVs
pin,QmajZ2aBFGA9G9PGY6Ta8E3nY54n2qfAf3gpk7XbTjC5kv
pin,QmcFfHHDaJZ2qtwLfPzggP7EfzZfeKPZVSBQBE1yWBjoKM
pin,QmZ4Rn7qnPmdaZ7pQ2dpuQyfSNN3dMeZLAuHZb2YpY2Fuh
pin,QmWskWZu8CPN1Luyk6yRiNQKvD5kRGDdGgchaewKr7bkFr
pin,QmSf75YyLQhvv27bzA8yrRN6F2dRt8i4XzkQHMhULB6anP
pin,QmY8nRV8dPxFVsQPppSxjNMnoeXpCqgu4ro2Vb6As1UUbr
pin,QmZVYWYXekreQeqUzNBLGYVbfY1yUtwNNERfpVT4oPPcgn
pin,QmPP5u1GfF2NJcsgjLSg7R51oV5Py9xxMqExdtv95dLgGQ
pin,QmWjvkYATVat248Cucedgv5UH4gfPywhnyiT5XER2TV3ts
pin,QmYDeVHfKdUxBPjTVM8c4LGnKMcECzbMAaxSxqSX7iJDVs
pin,QmajZ2aBFGA9G9PGY6Ta8E3nY54n2qfAf3gpk7XbTjC5kv
pin,QmcFfHHDaJZ2qtwLfPzggP7EfzZfeKPZVSBQBE1yWBjoKM
pin,QmZ4Rn7qnPmdaZ7pQ2dpuQyfSNN3dMeZLAuHZb2YpY2Fuh
pin,QmWskWZu8CPN1Luyk6yRiNQKvD5kRGDdGgchaewKr7bkFr
pin,QmSf75YyLQhvv27bzA8yrRN6F2dRt8i4XzkQHMhULB6anP
pin,QmY8nRV8dPxFVsQPppSxjNMnoeXpCqgu4ro2Vb6As1UUbr
pin,QmZVYWYXekreQeqUzNBLGYVbfY1yUtwNNERfpVT4oPPcgn
pin,QmPP5u1GfF2NJcsgjLSg7R51oV5Py9xxMqExdtv95dLgGQ
pin,QmWjvkYATVat248Cucedgv5UH4gfPywhnyiT5XER2TV3ts
pin,QmYDeVHfKdUxBPjTVM8c4LGnKMcECzbMAaxSxqSX7iJDVs
pin,QmajZ2aBFGA9G9PGY6Ta8E3nY54n2qfAf3gpk7XbTjC5kv
pin,Qmb4Z9oEcrK8X6KBjZJoeF89PA4moyLU57hsnsgQV6sHoD
pin,QmfErRxnkdtrjPcWBs1Hngi2n5xHW3GgdZsnC1dJErvvfr
pin,QmULJZpqqEe9evjDdTQxyv373xnmmJzfse9H9pdHtertrm
pin,QmNQ1yCXKc2XbkqhF3dESThf5qkKMR6moJ2x9W5iC4AQov
pin,QmT5Ugo4H9GpLxjy2az5o8kEWzjHjaybBesT4FHnr1rP94
pin,QmR95bdXsZf3eD1v18ByfoSvhqjpJnNsMjzdUKTLZK7AGW
pin,QmaswgaJewb1ugQ62u9qE2nBR4xrL7B83EUv8WksrQfU5W
pin,QmSukSsaKhZgQgK5Xo8aa323pzfivxnBMu3nEUNHpZfQjj
pin,QmSNxiTsSaMoyfZjGLCQaYtfUMqSrZ4Dd9WYn5dKaKvGvf
pin,QmQFqVvhrkKiEPQqbyzReorH5bevPrqBBqGgfPV2Wr2FLf
pin,Qmb4Z9oEcrK8X6KBjZJoeF89PA4moyLU57hsnsgQV6sHoD
pin,QmfErRxnkdtrjPcWBs1Hngi2n5xHW3GgdZsnC1dJErvvfr
pin,QmULJZpqqEe9evjDdTQxyv373xnmmJzfse9H9pdHtertrm
pin,QmNQ1yCXKc2XbkqhF3dESThf5qkKMR6moJ2x9W5iC4AQov
pin,QmT5Ugo4H9GpLxjy2az5o8kEWzjHjaybBesT4FHnr1rP94
pin,QmR95bdXsZf3eD1v18ByfoSvhqjpJnNsMjzdUKTLZK7AGW
pin,QmaswgaJewb1ugQ62u9qE2nBR4xrL7B83EUv8WksrQfU5W
pin,QmSukSsaKhZgQgK5Xo8aa323pzfivxnBMu3nEUNHpZfQjj
pin,QmSNxiTsSaMoyfZjGLCQaYtfUMqSrZ4Dd9WYn5dKaKvGvf
pin,QmQFqVvhrkKiEPQqbyzReorH5bevPrqBBqGgfPV2Wr2FLf
pin,Qma3mCEHz9x81uvguK4HxhoAW5iaje73z84eL7rgYEXyKU
pin,QmRLK481TTZT9hJr5cB3PdtxhadTFKfCXdHDfNd6NUGqHs
pin,QmWnnThdwfmh9ay1LtxepEWpbUmwm2JBc24BHExtX7Z4BX
pin,QmYtygbcRXEVwqK1u9CekrVsKoL3fKT1UKARsr6Tjou1RW
pin,QmZWEMQAFTtZZ9r3QUTbbsBgf1t3Wxy24z9M9TX5aaCtGa
pin,QmdUZwaGnSZS9UCEs6y8kUhJZqzH5qLR3AeVkru9eiMi6g
pin,QmQqrf6D4SBrpewdL86up1ySGgTWXn7CK8KsgnuRRp3JZF
pin,QmPF6dUe8BQemEGGbHKXHfwRioeDDJX4nrBiJR2cJTDryp
pin,QmQPdNKeADUKu9s7rMjKXfg6acFdNUkPB7PQ3yNNerxouM
pin,QmWJYz48mbaTkjCnQL3Yk6dT8bUMXB7T6iPs9ugqeXuEF6
pin,Qma3mCEHz9x81uvguK4HxhoAW5iaje73z84eL7rgYEXyKU
pin,QmRLK481TTZT9hJr5cB3PdtxhadTFKfCXdHDfNd6NUGqHs
pin,QmWnnThdwfmh9ay1LtxepEWpbUmwm2JBc24BHExtX7Z4BX
pin,QmYtygbcRXEVwqK1u9CekrVsKoL3fKT1UKARsr6Tjou1RW
pin,QmZWEMQAFTtZZ9r3QUTbbsBgf1t3Wxy24z9M9TX5aaCtGa
pin,QmdUZwaGnSZS9UCEs6y8kUhJZqzH5qLR3AeVkru9eiMi6g
pin,QmQqrf6D4SBrpewdL86up1ySGgTWXn7CK8KsgnuRRp3JZF
pin,QmPF6dUe8BQemEGGbHKXHfwRioeDDJX4nrBiJR2cJTDryp
pin,QmQPdNKeADUKu9s7rMjKXfg6acFdNUkPB7PQ3yNNerxouM
pin,QmWJYz48mbaTkjCnQL3Yk6dT8bUMXB7T6iPs9ugqeXuEF6
pin,QmZKzriE4LpKv698Vvap2aRUuuepioRS2SvWw5BzBnZ6yr
pin,QmX8ZR9uKp33aTWkfwWdrwHJwHmdLuPCZR44TAUk4hBW8f
pin,Qmf91vL7VQy3eixhVnMyBqevZXaUgnFWU8G1v4CvxopeJq
pin,QmTmkbiqFzdJXjsdpx1G8mWopLZtcfy9YUruLStPwA1bdG
pin,QmT7HMBjNBHnGL3ayFVhy5zCKccBqQLribMaZVKBfJhbCo
pin,QmToMa1M4vxtEwpYnTSzErzSSzjW3EX5LNWoxoY9XKp7tb
pin,QmPwCSFKfvUqQU5bgRDPZGc6t2griBs4zPUdQDXKawANQT
pin,Qma46zDQZZwu5dHP3ebbEosRwvvfT441JWCLsWXdRKEia3
pin,QmUDCFGZwvF2xTdH7zzyNSXfLHsHBh13Efj6HPGAaX6EW7
pin,QmRjSDiopuEEaYxm8p2awPJjUa4ssss9uKMBU2j969Fs6u
pin,QmZKzriE4LpKv698Vvap2aRUuuepioRS2SvWw5BzBnZ6yr
pin,QmX8ZR9uKp33aTWkfwWdrwHJwHmdLuPCZR44TAUk4hBW8f
pin,Qmf91vL7VQy3eixhVnMyBqevZXaUgnFWU8G1v4CvxopeJq
pin,QmTmkbiqFzdJXjsdpx1G8mWopLZtcfy9YUruLStPwA1bdG
pin,QmT7HMBjNBHnGL3ayFVhy5zCKccBqQLribMaZVKBfJhbCo
pin,QmToMa1M4vxtEwpYnTSzErzSSzjW3EX5LNWoxoY9XKp7tb
pin,QmPwCSFKfvUqQU5bgRDPZGc6t2griBs4zPUdQDXKawANQT
pin,Qma46zDQZZwu5dHP3ebbEosRwvvfT441JWCLsWXdRKEia3
pin,QmUDCFGZwvF2xTdH7zzyNSXfLHsHBh13Efj6HPGAaX6EW7
pin,QmRjSDiopuEEaYxm8p2awPJjUa4ssss9uKMBU2j969Fs6u
pin,QmZKzriE4LpKv698Vvap2aRUuuepioRS2SvWw5BzBnZ6yr
pin,QmX8ZR9uKp33aTWkfwWdrwHJwHmdLuPCZR44TAUk4hBW8f
pin,Qmf91vL7VQy3eixhVnMyBqevZXaUgnFWU8G1v4CvxopeJq
pin,QmTmkbiqFzdJXjsdpx1G8mWopLZtcfy9YUruLStPwA1bdG
pin,QmT7HMBjNBHnGL3ayFVhy5zCKccBqQLribMaZVKBfJhbCo
pin,QmToMa1M4vxtEwpYnTSzErzSSzjW3EX5LNWoxoY9XKp7tb
pin,QmPwCSFKfvUqQU5bgRDPZGc6t2griBs4zPUdQDXKawANQT
pin,Qma46zDQZZwu5dHP3ebbEosRwvvfT441JWCLsWXdRKEia3
pin,QmUDCFGZwvF2xTdH7zzyNSXfLHsHBh13Efj6HPGAaX6EW7
pin,QmRjSDiopuEEaYxm8p2awPJjUa4ssss9uKMBU2j969Fs6u
pin,Qmc8iE578wkSwejYbD3F4uRBLhkq2nBxKC1YyWb9xZwuYh
pin,QmQuUkVNX6s9eSkt8fBmRFecLXJHrjkxeAruTkmNVZibvG
pin,QmNeaNwigxKzNbmRNe67FUxX94noLxdV9YkRUEVUxSvUoB
pin,QmXhDK3QiEXC5kLP5cJj1oWNdeGDJ1Z5wUzJDtRGSLHFWJ
pin,QmcyXNHHeN5N8AnB9LGG5mSrksoSTDxXxrcBtqxry31VUB
pin,QmV29W5kcn6QnXiM6ddRbRiBY6ZhuHmaNkVh7ENRbhwV78
pin,QmaYR4AKaee72KuiZb6ihkDCvG8sV8Ajusaow5VaBTtm8B
pin,QmV5RYZgc77qwGo9ghXop1XMJvxzkJ5WfU7vEo8Lw7Hdku
pin,QmeYH1shzXFuGuq61Gv4KGX6fFB97J8EkcFyshiymCdsC2
pin,QmavGyYfRVQNeZBGWcrNMJwChHoEQiZhBGP1ND8CGdVqgb
pin,Qmc8iE578wkSwejYbD3F4uRBLhkq2nBxKC1YyWb9xZwuYh
pin,QmQuUkVNX6s9eSkt8fBmRFecLXJHrjkxeAruTkmNVZibvG
pin,QmNeaNwigxKzNbmRNe67FUxX94noLxdV9YkRUEVUxSvUoB
pin,QmXhDK3QiEXC5kLP5cJj1oWNdeGDJ1Z5wUzJDtRGSLHFWJ
pin,QmcyXNHHeN5N8AnB9LGG5mSrksoSTDxXxrcBtqxry31VUB
pin,QmV29W5kcn6QnXiM6ddRbRiBY6ZhuHmaNkVh7ENRbhwV78
pin,QmaYR4AKaee72KuiZb6ihkDCvG8sV8Ajusaow5VaBTtm8B
pin,QmV5RYZgc77qwGo9ghXop1XMJvxzkJ5WfU7vEo8Lw7Hdku
pin,QmeYH1shzXFuGuq61Gv4KGX6fFB97J8EkcFyshiymCdsC2
pin,QmavGyYfRVQNeZBGWcrNMJwChHoEQiZhBGP1ND8CGdVqgb
pin,QmPcgPd5etJCDa6EVJ9GiB81RUYGuJ9WUGCm1adLcrSuVi
pin,QmaQsDH84JhLmCtpDNykRWkW2dUB2cujfS7yW939K3RBjG
pin,QmV3ZeMCjNJLugRsspJebDN5UJToj3qRoxkviLniKbM8rW
pin,QmTpgkXpN6TC7VLU6kx2o1WrbuQjLcJCxtmDCmgaeWn5Jr
pin,QmPptxdyU6tShMVrKH9i4Ch1K6PC56fryrfGfmFeteFaeT
pin,Qmbvi76JHpP5VWhPByy5pnkjgVdkUCMFyVMjkS2wTVhXxB
pin,QmTrJs6QB3NKSaZ2XE5sCxCqBcyiQVTt359jid2ufhQmdX
pin,QmS3Vcr9rePED6XHNM2x4hYDAaprAqJGWgeHuYPyE1YTXx
pin,QmRbyAzhbpwa2NP1UFmXP6Qhsvx99Cs3SUtWodMVfoB3ws
pin,QmbRDJFmAmGXVLcppWngiVccbH6fzMVvdmiB2FZJnsP8EM
pin,QmPcgPd5etJCDa6EVJ9GiB81RUYGuJ9WUGCm1adLcrSuVi
pin,QmaQsDH84JhLmCtpDNykRWkW2dUB2cujfS7yW939K3RBjG
pin,QmV3ZeMCjNJLugRsspJebDN5UJToj3qRoxkviLniKbM8rW
pin,QmTpgkXpN6TC7VLU6kx2o1WrbuQjLcJCxtmDCmgaeWn5Jr
pin,QmPptxdyU6tShMVrKH9i4Ch1K6PC56fryrfGfmFeteFaeT
pin,Qmbvi76JHpP5VWhPByy5pnkjgVdkUCMFyVMjkS2wTVhXxB
pin,QmTrJs6QB3NKSaZ2XE5sCxCqBcyiQVTt359jid2ufhQmdX
pin,QmS3Vcr9rePED6XHNM2x4hYDAaprAqJGWgeHuYPyE1YTXx
pin,QmRbyAzhbpwa2NP1UFmXP6Qhsvx99Cs3SUtWodMVfoB3ws
pin,QmbRDJFmAmGXVLcppWngiVccbH6fzMVvdmiB2FZJnsP8EM
pin,QmeynnfK3BbxseQG5NB2hx78wA3rPpPhdUxUWAU66LD5gu
pin,QmPvGwoDCHRHkFrj6cmN1ZSMvK5YTT8gRubVjLHK3WnBDT
pin,Qme4MJkhAfp9TmmDjRBhtiPkk81UJbpUMCju6KjLRrZ8zr
pin,QmYA8X4Z6fwbDhzGZ4YM5eJp8DiCQk3gyeGaJfzC4a1ArB
pin,QmcRUTwDnPd5iSkCBhNQv6TTbZfTGg71NQ8PCUZgM7rU4Y
pin,QmfSawRhfQPmEAXFsBMZ5PEbD9jhAntNRb54kwxGcAdRya
pin,QmT1sxoDwWgkbDKhyggdK6DrrCG2siL1t4j1xEMyscuq26
pin,Qmc3VJjeN1NtyWnq6CScDRv4uRYkT5VMGVjqmMiNx8ThvW
pin,QmbixvedUDn45ttJW2JY9vxQUaruufJ24V8HihGnKUctDs
pin,QmS5QzVctpKPZuLG4VZE6d1DmZXvkKdPBVCaQUmuDDKeSR
pin,QmeynnfK3BbxseQG5NB2hx78wA3rPpPhdUxUWAU66LD5gu
pin,QmPvGwoDCHRHkFrj6cmN1ZSMvK5YTT8gRubVjLHK3WnBDT
pin,Qme4MJkhAfp9TmmDjRBhtiPkk81UJbpUMCju6KjLRrZ8zr
pin,QmYA8X4Z6fwbDhzGZ4YM5eJp8DiCQk3gyeGaJfzC4a1ArB
pin,QmcRUTwDnPd5iSkCBhNQv6TTbZfTGg71NQ8PCUZgM7rU4Y
pin,QmfSawRhfQPmEAXFsBMZ5PEbD9jhAntNRb54kwxGcAdRya
pin,QmT1sxoDwWgkbDKhyggdK6DrrCG2siL1t4j1xEMyscuq26
pin,Qmc3VJjeN1NtyWnq6CScDRv4uRYkT5VMGVjqmMiNx8ThvW
pin,QmbixvedUDn45ttJW2JY9vxQUaruufJ24V8HihGnKUctDs
pin,QmS5QzVctpKPZuLG4VZE6d1DmZXvkKdPBVCaQUmuDDKeSR
pin,QmW4vfYbVZ9K6cfQmLiwSwb1xrcadm9irYZYwT8EofBgEM
pin,QmWXxvVcoAk1NNsd5z6AJhkFHhSE1ZukLKNVeM2mSchA7H
pin,QmSi7PrpBe94iGnqkbgu8H2KnAr2ofmNxqYMBnFc4DUEMD
pin,QmbACgjBmSXVpooXHpkkvvXdTYdxBNfxq5wxjfUfsYY6KM
pin,QmeV3BUiqGTG278eu8Ev1PbnCSFeXBAS6piXr4ga6qTb6U
pin,QmP17Ru9EhTo58vXpkiQXw19Famqd6GSk8FwV5T85QuEuz
pin,QmVtouZGPveqkkAqvgT3bFSz5B7yz3toggBjoSWpMUMUnq
pin,QmPveFQD6ihYFY7DzjL4HpXgdsaZpQu7qCX3JPoPRR9zS8
pin,Qme8imcZPzQ4jRuLwnKGJfcGSvueFNmHMUWCwLexXxwABj
pin,QmNnxYhPWkJP2EwugNz69WfeDsKXMGR619SRyeyXnM4RfU
pin,QmW4vfYbVZ9K6cfQmLiwSwb1xrcadm9irYZYwT8EofBgEM
pin,QmWXxvVcoAk1NNsd5z6AJhkFHhSE1ZukLKNVeM2mSchA7H
pin,QmSi7PrpBe94iGnqkbgu8H2KnAr2ofmNxqYMBnFc4DUEMD
pin,QmbACgjBmSXVpooXHpkkvvXdTYdxBNfxq5wxjfUfsYY6KM
pin,QmeV3BUiqGTG278eu8Ev1PbnCSFeXBAS6piXr4ga6qTb6U
pin,QmP17Ru9EhTo58vXpkiQXw19Famqd6GSk8FwV5T85QuEuz
pin,QmVtouZGPveqkkAqvgT3bFSz5B7yz3toggBjoSWpMUMUnq
pin,QmPveFQD6ihYFY7DzjL4HpXgdsaZpQu7qCX3JPoPRR9zS8
pin,Qme8imcZPzQ4jRuLwnKGJfcGSvueFNmHMUWCwLexXxwABj
pin,QmNnxYhPWkJP2EwugNz69WfeDsKXMGR619SRyeyXnM4RfU
pin,QmTrzr51wUtBkfdE1N9gpVqQWcve9476eeXwYAPivHSUQV
pin,QmQns8fzuGTywhDatdw1MjpviKRtNiWT5gBbfGGfAZstP7
pin,QmYVL1RXT6pSyHKr7FwcaeDnHiQhGhFSMx7xeYPaXttNs4
pin,QmWTUhpCYncMiZ4C7YAyA7KUMdS11bYLdefKSRr7Fz6q6R
pin,QmZE2RRQCYxMHWZcb4GVaK2ZLhn8hgtxi61BraniJePwAg
pin,QmVz5EG9PmBkzBuTQZQGZgsKWZCuUQ23sN2TaJftSdrdBw
pin,QmeiJZwr49AVGwhCywjUz9kAMfLdLSrDasAen2Gm74Jzdv
pin,QmVJ5QBteLpk9NuQ6Z2KJqvijqxm4i9kmUxkBJJ2qdYo4n
pin,QmP9EJZMoAgazFcDtXqCooVcSvu4xPk4TdpzoTeDbjMqUP
pin,QmZrepGVxDkihxrMmjncr4NDLSBnLagnWoBzeK8aQscU3b
pin,QmTrzr51wUtBkfdE1N9gpVqQWcve9476eeXwYAPivHSUQV
pin,QmQns8fzuGTywhDatdw1MjpviKRtNiWT5gBbfGGfAZstP7
pin,QmYVL1RXT6pSyHKr7FwcaeDnHiQhGhFSMx7xeYPaXttNs4
pin,QmWTUhpCYncMiZ4C7YAyA7KUMdS11bYLdefKSRr7Fz6q6R
pin,QmZE2RRQCYxMHWZcb4GVaK2ZLhn8hgtxi61BraniJePwAg
pin,QmVz5EG9PmBkzBuTQZQGZgsKWZCuUQ23sN2TaJftSdrdBw
pin,QmeiJZwr49AVGwhCywjUz9kAMfLdLSrDasAen2Gm74Jzdv
pin,QmVJ5QBteLpk9NuQ6Z2KJqvijqxm4i9kmUxkBJJ2qdYo4n
pin,QmP9EJZMoAgazFcDtXqCooVcSvu4xPk4TdpzoTeDbjMqUP
pin,QmZrepGVxDkihxrMmjncr4NDLSBnLagnWoBzeK8aQscU3b
pin,QmZ1zVtHEhB5BBiobx6WHmgqpDLq4rwEF7RtKqjFFnsQ6h
pin,QmZBvGSgbi45YXoykPrjWBg6kdcZFZDF9xuMLueLjzfHNa
pin,QmV6XJ7AS2BR9qnAEYYNoGcSbvXt4rZWJMp7PjPwp4fq6Y
pin,QmTkAwqYM73b3qw1BUAftZq9nZ3enMzqRK8KFdfH9j5Gh2
pin,QmTGXSJEQg44sjdGmLLKLVpbA5ajgj7UQG6aUgm7PzFZ2b
pin,Qmb7tcXF6i7Xfh6zUAYnNXLHY1AufMPzCezAUaCvRySXCV
pin,QmTtPyy3a7nZEsfCR4d65XxHgsbrJnM5gDU1zP5LyzqHRJ
pin,QmdkwCQbsNBrPeo6wPxN3jz91sgrjWDEXkuvgykipgu6go
pin,QmdJTEDwk4mxx8i38LJJqDrv2k5g17PqUBZeQUdvhPZjyy
pin,Qmdq6Gc7X2MM5DooycAokz69MHrX33RboEnQdAn4UzNesk
pin,QmZ1zVtHEhB5BBiobx6WHmgqpDLq4rwEF7RtKqjFFnsQ6h
pin,QmZBvGSgbi45YXoykPrjWBg6kdcZFZDF9xuMLueLjzfHNa
pin,QmV6XJ7AS2BR9qnAEYYNoGcSbvXt4rZWJMp7PjPwp4fq6Y
pin,QmTkAwqYM73b3qw1BUAftZq9nZ3enMzqRK8KFdfH9j5Gh2
pin,QmTGXSJEQg44sjdGmLLKLVpbA5ajgj7UQG6aUgm7PzFZ2b
pin,Qmb7tcXF6i7Xfh6zUAYnNXLHY1AufMPzCezAUaCvRySXCV
pin,QmTtPyy3a7nZEsfCR4d65XxHgsbrJnM5gDU1zP5LyzqHRJ
pin,QmdkwCQbsNBrPeo6wPxN3jz91sgrjWDEXkuvgykipgu6go
pin,QmdJTEDwk4mxx8i38LJJqDrv2k5g17PqUBZeQUdvhPZjyy
pin,Qmdq6Gc7X2MM5DooycAokz69MHrX33RboEnQdAn4UzNesk
pin,QmNzgmD6gPPDDPaf4upT672HwsHkY3BqPBdprvZ6d431mN
pin,QmdPPQivC4tLfCbRpKRrCmqydKLYKHmt9sixPLCwq359GG
pin,QmXW7ZVStDjw68VFaMwkttDpg1UqCCoCuJXfEVJyttQWEK
pin,QmPhhaghu9UKgSQZtd9zbWzZPPLDBhSMnUj646onSsj9Ey
pin,QmVuS7aDhVnQC8TdKsMe438T4SuZXBsZfzg5g4XVkN8qqp
pin,QmS6ShJzdGG3uNVdz68zzZPhJD4Be682Tqu5rVHZsfNj9X
pin,Qmf7muG5bf7e7hfEnwztvsDcnyFpsz3zofniCwWMa7TaeC
pin,Qmbc2qa25aBjjztnpAd45wbHgHZMs9p2VDgo3RSNgQ5LTi
pin,Qmd3yTZGy6tMGUY7bsEZwJvgQcatF1UukS6nvbiaZMHbRJ
pin,Qma3K2S4ZEAsjjytqzYn7hJGen45HR6y6gcrtzu5jbhkiA
pin,QmNzgmD6gPPDDPaf4upT672HwsHkY3BqPBdprvZ6d431mN
pin,QmdPPQivC4tLfCbRpKRrCmqydKLYKHmt9sixPLCwq359GG
pin,QmXW7ZVStDjw68VFaMwkttDpg1UqCCoCuJXfEVJyttQWEK
pin,QmPhhaghu9UKgSQZtd9zbWzZPPLDBhSMnUj646onSsj9Ey
pin,QmVuS7aDhVnQC8TdKsMe438T4SuZXBsZfzg5g4XVkN8qqp
pin,QmS6ShJzdGG3uNVdz68zzZPhJD4Be682Tqu5rVHZsfNj9X
pin,Qmf7muG5bf7e7hfEnwztvsDcnyFpsz3zofniCwWMa7TaeC
pin,Qmbc2qa25aBjjztnpAd45wbHgHZMs9p2VDgo3RSNgQ5LTi
pin,Qmd3yTZGy6tMGUY7bsEZwJvgQcatF1UukS6nvbiaZMHbRJ
pin,Qma3K2S4ZEAsjjytqzYn7hJGen45HR6y6gcrtzu5jbhkiA
pin,QmPp6YKdMAggwvS263SroJj4z3swvuggmShhH9UYgp8VM6
pin,QmXYVT7Win69LNerkqvz6p5y3yaUDP5FZv8Z7cKE7Nidhv
pin,QmZ6sFHQ2sXHGJKtMa7PtMQwYtiVjsNFSDKEG6NT9MigtN
pin,QmNhXtgAGxC6MVcqLXWDrD79cJoZZdkc7KQ8Ne6ULnWvdQ
pin,QmTHWGszoHEA1Uw7LoASMEjXwboP2fWXTkmZmprCuzEeE8
pin,QmRLcJXy2wQqUNS4pGFvkdXj2AwL54zryh8SDroVbb1yJH
pin,QmSwf634caQqtv3kJ7ZPQZmzfehzhvyRg3hN5C1iJbBKrB
pin,QmWvTc3GEbWXwwBwdV7pouY68qso5jDVikF7aQgEJ2Vb1A
pin,QmYwNbeS7TTCDyNDbo9CNoFXaQopTbohc4sigpCTg6pQfr
pin,QmPQ19tyw4uv8tX9ru7gYRx9cfvbLeuoByg78Afb5Q8z7a
pin,QmPp6YKdMAggwvS263SroJj4z3swvuggmShhH9UYgp8VM6
pin,QmXYVT7Win69LNerkqvz6p5y3yaUDP5FZv8Z7cKE7Nidhv
pin,QmZ6sFHQ2sXHGJKtMa7PtMQwYtiVjsNFSDKEG6NT9MigtN
pin,QmNhXtgAGxC6MVcqLXWDrD79cJoZZdkc7KQ8Ne6ULnWvdQ
pin,QmTHWGszoHEA1Uw7LoASMEjXwboP2fWXTkmZmprCuzEeE8
pin,QmRLcJXy2wQqUNS4pGFvkdXj2AwL54zryh8SDroVbb1yJH
pin,QmSwf634caQqtv3kJ7ZPQZmzfehzhvyRg3hN5C1iJbBKrB
pin,QmWvTc3GEbWXwwBwdV7pouY68qso5jDVikF7aQgEJ2Vb1A
pin,QmYwNbeS7TTCDyNDbo9CNoFXaQopTbohc4sigpCTg6pQfr
pin,QmPQ19tyw4uv8tX9ru7gYRx9cfvbLeuoByg78Afb5Q8z7a
pin,QmTp23EaaN2zdfRikyhxc7NSsm6ErN55hi9ngUoAkz6ZsU
pin,QmVQmpjojoLJjbP5WeDWoB8uKGa1FfgD8HWNZF62vwcmGp
pin,QmQ4oibKKh6L22gnqtQtkFCU6ng42ySaz6W1Wdp8jmbz3y
pin,QmYL3FCHkFjndfss97vtD22etQ2ALEVGgjgUGe3g5Jdv6C
pin,QmSiKKi2qvo2D7qF2iHKttHxA22vJAiGCjvx96jnNfCTTd
pin,QmR8rM95pgXzG2kU8FQV8gFfo6jh5U76iRuFQhv79PBN1S
pin,QmYjaNFKu9pZxoALCEyWwzBkmzcwrNKdeAXoP9sh9HUhXu
pin,QmdYXbWeRB8Hk7Wwuy8PBYrZcojUFdtRVJcdCBR36Ydg8X
pin,QmWZSwTsF5DiSr9gMT7JsoA9gDEEAASF4nycDqpp1t2Nnh
pin,Qma3heGswxCYuQ6SyLxLU887GnUBs7ciMjjeSLc1L3Rv6F
pin,QmTp23EaaN2zdfRikyhxc7NSsm6ErN55hi9ngUoAkz6ZsU
pin,QmVQmpjojoLJjbP5WeDWoB8uKGa1FfgD8HWNZF62vwcmGp
pin,QmQ4oibKKh6L22gnqtQtkFCU6ng42ySaz6W1Wdp8jmbz3y
pin,QmYL3FCHkFjndfss97vtD22etQ2ALEVGgjgUGe3g5Jdv6C
pin,QmSiKKi2qvo2D7qF2iHKttHxA22vJAiGCjvx96jnNfCTTd
pin,QmR8rM95pgXzG2kU8FQV8gFfo6jh5U76iRuFQhv79PBN1S
pin,QmYjaNFKu9pZxoALCEyWwzBkmzcwrNKdeAXoP9sh9HUhXu
pin,QmdYXbWeRB8Hk7Wwuy8PBYrZcojUFdtRVJcdCBR36Ydg8X
pin,QmWZSwTsF5DiSr9gMT7JsoA9gDEEAASF4nycDqpp1t2Nnh
pin,Qma3heGswxCYuQ6SyLxLU887GnUBs7ciMjjeSLc1L3Rv6F
pin,QmbE6P9jdaAvQbDXR4YhWtNdf38XtN8VbKNwZ1gk1UqWxj
pin,QmemLmCC8kBF6hLN4N4rCvzkSeWSgxgcAZ8PBAMiLTBVQH
pin,QmRumbZtJ2jRV2hMKa798yj27WBJLQeK7ET7trsWRrPApC
pin,QmSjRX9bvuF1zDUn82SZq4jkJj5iSDVRHRTBGMouTnbPFT
pin,Qma3LtbGSkVogoi94Y8SBYA7t8qgHfrrbiRnqpNHUjbD8j
pin,QmUaufRom8jQ9vykMbGrDF4uk2b5gTMgBqeaU9dn6McPkA
pin,QmS6XqCKKMVtKKGLdfzwxpG5FKw5PevTU1gGpg8B7T5LiQ
pin,QmZD6H4CEm4UWn9XKUQF2KKFfJa5gFsyCcjy2ti5Yrhesk
pin,QmaXBiy9Re8iGpTXSZdE9PJXvx5w4Hq2VwUTSiez1RqnAd
pin,QmbDJRF3nqMuAhxiiyBDHRBqwc1S5TNnRqd7Ka4zPARYbA
pin,QmbE6P9jdaAvQbDXR4YhWtNdf38XtN8VbKNwZ1gk1UqWxj
pin,QmemLmCC8kBF6hLN4N4rCvzkSeWSgxgcAZ8PBAMiLTBVQH
pin,QmRumbZtJ2jRV2hMKa798yj27WBJLQeK7ET7trsWRrPApC
pin,QmSjRX9bvuF1zDUn82SZq4jkJj5iSDVRHRTBGMouTnbPFT
pin,Qma3LtbGSkVogoi94Y8SBYA7t8qgHfrrbiRnqpNHUjbD8j
pin,QmUaufRom8jQ9vykMbGrDF4uk2b5gTMgBqeaU9dn6McPkA
pin,QmS6XqCKKMVtKKGLdfzwxpG5FKw5PevTU1gGpg8B7T5LiQ
pin,QmZD6H4CEm4UWn9XKUQF2KKFfJa5gFsyCcjy2ti5Yrhesk
pin,QmaXBiy9Re8iGpTXSZdE9PJXvx5w4Hq2VwUTSiez1RqnAd
pin,QmbDJRF3nqMuAhxiiyBDHRBqwc1S5TNnRqd7Ka4zPARYbA
pin,QmcWdfFurAHcPgc8mcffaLKtwSoeTHmDpaAXokSgRepaMT
pin,QmWy3kQu9XYwsrpxzDJx2rnceTefJsoSYAR87iPbwdw8Gv
pin,QmNU4o5cRZbchH7mqh1UNTQZGYW9kf6axjwLBFWjTDUtFF
pin,QmPGBzo6AaXFhZvUBvExFTcMc6FEjWEohpiE7SzpgvA1cY
pin,QmZxRozUzWZJYt5X7r4STj7QfAKXEMmQs1MjyGUaPBG9Z2
pin,QmSjqsd9RiaUZUPM399dct1SCrhr2zSKsLBVdQ3BT7H2Mm
pin,QmWz5U5aodMRrVgVY42ZiK9VELVgK3YcCxyKdePoWv5FD9
pin,QmaUpqVH1DSdoNEvAf97BGdfi4fGVEqL1sGxEGzGuBhaM3
pin,QmWGwy1kE21ES25BV8VXvGijz6iMExsX8K5wKiEdcMUqSD
pin,QmQc74HjbWBuwqRXcaYJM2yHo2z5AFyrnfrHUEvQHQXKuQ
pin,QmcWdfFurAHcPgc8mcffaLKtwSoeTHmDpaAXokSgRepaMT
pin,QmWy3kQu9XYwsrpxzDJx2rnceTefJsoSYAR87iPbwdw8Gv
pin,QmNU4o5cRZbchH7mqh1UNTQZGYW9kf6axjwLBFWjTDUtFF
pin,QmPGBzo6AaXFhZvUBvExFTcMc6FEjWEohpiE7SzpgvA1cY
pin,QmZxRozUzWZJYt5X7r4STj7QfAKXEMmQs1MjyGUaPBG9Z2
pin,QmSjqsd9RiaUZUPM399dct1SCrhr2zSKsLBVdQ3BT7H2Mm
pin,QmWz5U5aodMRrVgVY42ZiK9VELVgK3YcCxyKdePoWv5FD9
pin,QmaUpqVH1DSdoNEvAf97BGdfi4fGVEqL1sGxEGzGuBhaM3
pin,QmWGwy1kE21ES25BV8VXvGijz6iMExsX8K5wKiEdcMUqSD
pin,QmQc74HjbWBuwqRXcaYJM2yHo2z5AFyrnfrHUEvQHQXKuQ
pin,Qmebb2xhUeSqsUN7D5i3GD8LZxD3oKqExWNjSrqkS44A7X
pin,QmbWPi3kWr1Ku5kEntK2qMkooDxq66WkGrgxrk9NDxzQev
pin,QmbTKyp9ueDAwFVMbdDUdQDqpmojCziScoBUXyo1fZFMXg
pin,QmWg3EMQVo1DjMbFvd9arEMAeVoAJ9VzZe2h5AChbXDjQt
pin,QmTrAed9Fy4riUtWj4vWArMrQzkH6SNceAECobvpZCa9my
pin,QmRnJPysBdTzzzzxX1vEnocVk3BB9gSYVFzZPpxNoCFRHS
pin,QmULBeZtVZLHKdNhF8AFvs5aRp6MKd6rxoApqMfMsyskdF
pin,QmNuMUG7cKZor8zjAwdVxerPwFoYLPAZ1DdT7jhZuj5W48
pin,QmP5VmD8jjK7m4vkjRJ2j3E2viwQeUPKtvQD8G8Tzfz7Gi
pin,QmVMnUrQeZWNNh5dPRXNXZr134i4h1zUSCwPRzMeTEBmLy
pin,Qmebb2xhUeSqsUN7D5i3GD8LZxD3oKqExWNjSrqkS44A7X
pin,QmbWPi3kWr1Ku5kEntK2qMkooDxq66WkGrgxrk9NDxzQev
pin,QmbTKyp9ueDAwFVMbdDUdQDqpmojCziScoBUXyo1fZFMXg
pin,QmWg3EMQVo1DjMbFvd9arEMAeVoAJ9VzZe2h5AChbXDjQt
pin,QmTrAed9Fy4riUtWj4vWArMrQzkH6SNceAECobvpZCa9my
pin,QmRnJPysBdTzzzzxX1vEnocVk3BB9gSYVFzZPpxNoCFRHS
pin,QmULBeZtVZLHKdNhF8AFvs5aRp6MKd6rxoApqMfMsyskdF
pin,QmNuMUG7cKZor8zjAwdVxerPwFoYLPAZ1DdT7jhZuj5W48
pin,QmP5VmD8jjK7m4vkjRJ2j3E2viwQeUPKtvQD8G8Tzfz7Gi
pin,QmVMnUrQeZWNNh5dPRXNXZr134i4h1zUSCwPRzMeTEBmLy
pin,QmStj7bhWAzCT5AVg2HmqZGFUFYwJoBQwHu2Y7iSVLRj8r
pin,QmSXTrN1RxeaRK3Q6vfZrUkXeFRBzno41wzbXxm8NwhvwC
pin,Qmad2RXfsZNTXgh4fw8F1yfToxm9TqgBYbxx2vzMajbBN5
pin,Qme1WZffiaAwoHbWxRafYn8w8GobZxupC2eyHm4xtFvQGF
pin,QmP1Cg7m8iFPGXWC5qjeCUmTr6yggu56tDpkq4Ggpdyks1
pin,QmPZmfXi4GhuJGcDH4vAKgagG2ANrbaxkopqcDHa5UZ9XX
pin,QmPZntP3VWJutmPZP1jSDuDEKYQ11915mSnPhUHTegLdFB
pin,QmRoWDV1vxa385iYRosokP4VVAYXkNGwEYLgBHmUy5iMhS
pin,QmapyMm7w2EGn4j6SwiA2ukC9TxwHKb5KjqLm4VFvQfdeK
pin,QmdoFoJi14STfLW9r6TEJkqPCpSUgJ4eVuBeevG61VshvE
pin,QmStj7bhWAzCT5AVg2HmqZGFUFYwJoBQwHu2Y7iSVLRj8r
pin,QmSXTrN1RxeaRK3Q6vfZrUkXeFRBzno41wzbXxm8NwhvwC
pin,Qmad2RXfsZNTXgh4fw8F1yfToxm9TqgBYbxx2vzMajbBN5
pin,Qme1WZffiaAwoHbWxRafYn8w8GobZxupC2eyHm4xtFvQGF
pin,QmP1Cg7m8iFPGXWC5qjeCUmTr6yggu56tDpkq4Ggpdyks1
pin,QmPZmfXi4GhuJGcDH4vAKgagG2ANrbaxkopqcDHa5UZ9XX
pin,QmPZntP3VWJutmPZP1jSDuDEKYQ11915mSnPhUHTegLdFB
pin,QmRoWDV1vxa385iYRosokP4VVAYXkNGwEYLgBHmUy5iMhS
pin,QmapyMm7w2EGn4j6SwiA2ukC9TxwHKb5KjqLm4VFvQfdeK
pin,QmdoFoJi14STfLW9r6TEJkqPCpSUgJ4eVuBeevG61VshvE
pin,QmTa9FNwACZbEzUS4PAXmvwX9JgoiWfkgnHMG8zsn8yLKg
pin,QmPHZFxQV5m1wMjE1dAx8gcK6oCHiVYDjoNuS9xVicVsPb
pin,Qmc9qzGHk2GWKsHU5WQMaNySk7Ts8UJzJyJReAMw93BnfN
pin,QmWkipgD7aEoxHUbQAErc8VeLPVLGf5Eekns7iEs4dHeiV
pin,QmUQR8jGk35PAJszkbNj1hJtCsFhwXCueXtttYZV7Fd1LZ
pin,QmfX7XgsU9Ynfay7AtAyuRN1BaR9KbBSZZSLsF1YysJ2ZT
pin,QmW4HPV8taST9MCkh7pXsdgWN2DQCVkUPagyqDjdYAQJR6
pin,QmRTWgpk9Lr4ABC1USXM78YXQg5f1MdNzEKj9N45XTkseM
pin,QmTQWxWP223KJDUcHMPuuBjW3eC37C51JS7fP67MdJ2Wmj
pin,QmVoszh8Y8Pu9MiH4Q8KzXd3JYueUPn6visPWih1w4VUq1
pin,QmTa9FNwACZbEzUS4PAXmvwX9JgoiWfkgnHMG8zsn8yLKg
pin,QmPHZFxQV5m1wMjE1dAx8gcK6oCHiVYDjoNuS9xVicVsPb
pin,Qmc9qzGHk2GWKsHU5WQMaNySk7Ts8UJzJyJReAMw93BnfN
pin,QmWkipgD7aEoxHUbQAErc8VeLPVLGf5Eekns7iEs4dHeiV
pin,QmUQR8jGk35PAJszkbNj1hJtCsFhwXCueXtttYZV7Fd1LZ
pin,QmfX7XgsU9Ynfay7AtAyuRN1BaR9KbBSZZSLsF1YysJ2ZT
pin,QmW4HPV8taST9MCkh7pXsdgWN2DQCVkUPagyqDjdYAQJR6
pin,QmRTWgpk9Lr4ABC1USXM78YXQg5f1MdNzEKj9N45XTkseM
pin,QmTQWxWP223KJDUcHMPuuBjW3eC37C51JS7fP67MdJ2Wmj
pin,QmVoszh8Y8Pu9MiH4Q8KzXd3JYueUPn6visPWih1w4VUq1
pin,QmUsPz1hVbFFWecoXLEWNZdzpDwcXpT7tngHU8UekQZ1VP
pin,Qmd7UwGKbbGT4h2UidVPPi9CKKpHZuTDeDXadt14YpdF4k
pin,QmajBAcgS4mUChxkhTmXG4ggF7C93Y5U4nRQJ99nxZseoY
pin,QmXNYtxWyXpMT3tbcsGwfPLskUgp8sSiwjV6gKEtBZ8o2R
pin,QmWfyTtxAtNJCQZMMiWKHNKuHuNjhpcMLHgD5CWwUPr1Cy
pin,QmRc65ziYXPoyJGxA6thiiFZiCDXA6iNEmR1sThsqbc1T5
pin,QmcM5S2gLeQqV6BbKxrd5XkcwuxHNbrv6u7ZUJ5BWKh9EF
pin,QmfQVCtd9TY1aApchRT6fsTHA2HDSRvMohpDCZwtDcZ9b2
pin,QmNe81c1nx1fNeekiWtkc7fCYquBNzL6ncvi5aFM2rBEa3
pin,QmXQru69eea4qrUBZ9rvb57Zr65xACXNszfKZM47Dx41QU
