QmNQ1yCXKc2XbkqhF3dESThf5qkKMR6moJ2x9W5iC4AQov
QmNU4o5cRZbchH7mqh1UNTQZGYW9kf6axjwLBFWjTDUtFF
QmNe81c1nx1fNeekiWtkc7fCYquBNzL6ncvi5aFM2rBEa3
QmNeaNwigxKzNbmRNe67FUxX94noLxdV9YkRUEVUxSvUoB
QmNhXtgAGxC6MVcqLXWDrD79cJoZZdkc7KQ8Ne6ULnWvdQ
QmNnxYhPWkJP2EwugNz69WfeDsKXMGR619SRyeyXnM4RfU
QmNuMUG7cKZor8zjAwdVxerPwFoYLPAZ1DdT7jhZuj5W48
QmNzgmD6gPPDDPaf4upT672HwsHkY3BqPBdprvZ6d431mN
QmP17Ru9EhTo58vXpkiQXw19Famqd6GSk8FwV5T85QuEuz
QmP1Cg7m8iFPGXWC5qjeCUmTr6yggu56tDpkq4Ggpdyks1
QmP5VmD8jjK7m4vkjRJ2j3E2viwQeUPKtvQD8G8Tzfz7Gi
QmP9EJZMoAgazFcDtXqCooVcSvu4xPk4TdpzoTeDbjMqUP
QmPF6dUe8BQemEGGbHKXHfwRioeDDJX4nrBiJR2cJTDryp
QmPGBzo6AaXFhZvUBvExFTcMc6FEjWEohpiE7SzpgvA1cY
QmPHZFxQV5m1wMjE1dAx8gcK6oCHiVYDjoNuS9xVicVsPb
QmPP5u1GfF2NJcsgjLSg7R51oV5Py9xxMqExdtv95dLgGQ
QmPQ19tyw4uv8tX9ru7gYRx9cfvbLeuoByg78Afb5Q8z7a
QmPZmfXi4GhuJGcDH4vAKgagG2ANrbaxkopqcDHa5UZ9XX
QmPZntP3VWJutmPZP1jSDuDEKYQ11915mSnPhUHTegLdFB
QmPcgPd5etJCDa6EVJ9GiB81RUYGuJ9WUGCm1adLcrSuVi
QmPd7d8cmu44FgATHvbiNxXrEYrHqAmYTpgZjYxtGPXDDN
QmPhhaghu9UKgSQZtd9zbWzZPPLDBhSMnUj646onSsj9Ey
QmPp6YKdMAggwvS263SroJj4z3swvuggmShhH9UYgp8VM6
QmPptxdyU6tShMVrKH9i4Ch1K6PC56fryrfGfmFeteFaeT
QmPvGwoDCHRHkFrj6cmN1ZSMvK5YTT8gRubVjLHK3WnBDT
QmPveFQD6ihYFY7DzjL4HpXgdsaZpQu7qCX3JPoPRR9zS8
QmPwCSFKfvUqQU5bgRDPZGc6t2griBs4zPUdQDXKawANQT
QmQ4oibKKh6L22gnqtQtkFCU6ng42ySaz6W1Wdp8jmbz3y
QmQFqVvhrkKiEPQqbyzReorH5bevPrqBBqGgfPV2Wr2FLf
QmQPdNKeADUKu9s7rMjKXfg6acFdNUkPB7PQ3yNNerxouM
QmQTSrq4C547XZW9sPMT7GjJ8JtReXMPLyugwP4ckUJG3h
QmQc74HjbWBuwqRXcaYJM2yHo2z5AFyrnfrHUEvQHQXKuQ
QmQns8fzuGTywhDatdw1MjpviKRtNiWT5gBbfGGfAZstP7
QmQqrf6D4SBrpewdL86up1ySGgTWXn7CK8KsgnuRRp3JZF
QmQuUkVNX6s9eSkt8fBmRFecLXJHrjkxeAruTkmNVZibvG
QmR855Y8Q5he8mwvAtwSGBS4nQVJVB3cv3vToP5u2zmcho
QmR8rM95pgXzG2kU8FQV8gFfo6jh5U76iRuFQhv79PBN1S
QmR95bdXsZf3eD1v18ByfoSvhqjpJnNsMjzdUKTLZK7AGW
QmRLK481TTZT9hJr5cB3PdtxhadTFKfCXdHDfNd6NUGqHs
QmRLcJXy2wQqUNS4pGFvkdXj2AwL54zryh8SDroVbb1yJH
QmRTWgpk9Lr4ABC1USXM78YXQg5f1MdNzEKj9N45XTkseM
QmRY22aa7df2SHMJ6mTAEUCzvHXk7c6PWdfDaYENCH34Mx
QmRbyAzhbpwa2NP1UFmXP6Qhsvx99Cs3SUtWodMVfoB3ws
QmRc65ziYXPoyJGxA6thiiFZiCDXA6iNEmR1sThsqbc1T5
QmRhGCbrKkLdGbemy4nhPma2Sd6FKEuBh5KUarej5wU24W
QmRjSDiopuEEaYxm8p2awPJjUa4ssss9uKMBU2j969Fs6u
QmRnJPysBdTzzzzxX1vEnocVk3BB9gSYVFzZPpxNoCFRHS
QmRoWDV1vxa385iYRosokP4VVAYXkNGwEYLgBHmUy5iMhS
QmRumbZtJ2jRV2hMKa798yj27WBJLQeK7ET7trsWRrPApC
QmS3Vcr9rePED6XHNM2x4hYDAaprAqJGWgeHuYPyE1YTXx
QmS3XympJfXJMBMnNHLyKcMuB6c5gcRcAAtjKT2gspD1CE
QmS5QzVctpKPZuLG4VZE6d1DmZXvkKdPBVCaQUmuDDKeSR
QmS6ShJzdGG3uNVdz68zzZPhJD4Be682Tqu5rVHZsfNj9X
QmS6XqCKKMVtKKGLdfzwxpG5FKw5PevTU1gGpg8B7T5LiQ
QmSBcVJpKujbN3nQ2maqCpmkFf5zJTYB2ZbKGmazkckj9P
QmSNxiTsSaMoyfZjGLCQaYtfUMqSrZ4Dd9WYn5dKaKvGvf
QmSXTrN1RxeaRK3Q6vfZrUkXeFRBzno41wzbXxm8NwhvwC
QmSdVsEurM8xHGnDggpyek8E6DWqqiYgoSEhdaJ4vDKuB8
QmSf75YyLQhvv27bzA8yrRN6F2dRt8i4XzkQHMhULB6anP
QmSi7PrpBe94iGnqkbgu8H2KnAr2ofmNxqYMBnFc4DUEMD
QmSiKKi2qvo2D7qF2iHKttHxA22vJAiGCjvx96jnNfCTTd
QmSjRX9bvuF1zDUn82SZq4jkJj5iSDVRHRTBGMouTnbPFT
QmSjqsd9RiaUZUPM399dct1SCrhr2zSKsLBVdQ3BT7H2Mm
QmSssugC46jZQ5iJGMhKzaaPwCkFkAWrorqyDc7UKUwYhW
QmStj7bhWAzCT5AVg2HmqZGFUFYwJoBQwHu2Y7iSVLRj8r
QmSukSsaKhZgQgK5Xo8aa323pzfivxnBMu3nEUNHpZfQjj
QmSwf634caQqtv3kJ7ZPQZmzfehzhvyRg3hN5C1iJbBKrB
QmT1sxoDwWgkbDKhyggdK6DrrCG2siL1t4j1xEMyscuq26
QmT5Ugo4H9GpLxjy2az5o8kEWzjHjaybBesT4FHnr1rP94
QmT7HMBjNBHnGL3ayFVhy5zCKccBqQLribMaZVKBfJhbCo
QmTGXSJEQg44sjdGmLLKLVpbA5ajgj7UQG6aUgm7PzFZ2b
QmTHWGszoHEA1Uw7LoASMEjXwboP2fWXTkmZmprCuzEeE8
QmTQWxWP223KJDUcHMPuuBjW3eC37C51JS7fP67MdJ2Wmj
QmTa9FNwACZbEzUS4PAXmvwX9JgoiWfkgnHMG8zsn8yLKg
QmTkAwqYM73b3qw1BUAftZq9nZ3enMzqRK8KFdfH9j5Gh2
QmTmkbiqFzdJXjsdpx1G8mWopLZtcfy9YUruLStPwA1bdG
QmToMa1M4vxtEwpYnTSzErzSSzjW3EX5LNWoxoY9XKp7tb
QmTp23EaaN2zdfRikyhxc7NSsm6ErN55hi9ngUoAkz6ZsU
QmTpgkXpN6TC7VLU6kx2o1WrbuQjLcJCxtmDCmgaeWn5Jr
QmTrAed9Fy4riUtWj4vWArMrQzkH6SNceAECobvpZCa9my
QmTrJrrfNfJFPy9aFTeZXBF2ChcKkbZAWiHoPi9GvYrh9i
QmTrJs6QB3NKSaZ2XE5sCxCqBcyiQVTt359jid2ufhQmdX
QmTrzr51wUtBkfdE1N9gpVqQWcve9476eeXwYAPivHSUQV
QmTtPyy3a7nZEsfCR4d65XxHgsbrJnM5gDU1zP5LyzqHRJ
QmTwokUuCr7Ve67qvahjg9avqYCZWjH8PjfsTS5SDUK5eS
QmUDCFGZwvF2xTdH7zzyNSXfLHsHBh13Efj6HPGAaX6EW7
QmULBeZtVZLHKdNhF8AFvs5aRp6MKd6rxoApqMfMsyskdF
QmULJZpqqEe9evjDdTQxyv373xnmmJzfse9H9pdHtertrm
QmUMnStq5rrDAfFRvKZdKoHQ5zoHBQ3FwCenCUtgbVZ2i7
QmUQR8jGk35PAJszkbNj1hJtCsFhwXCueXtttYZV7Fd1LZ
QmUaufRom8jQ9vykMbGrDF4uk2b5gTMgBqeaU9dn6McPkA
QmUsPz1hVbFFWecoXLEWNZdzpDwcXpT7tngHU8UekQZ1VP
QmV29W5kcn6QnXiM6ddRbRiBY6ZhuHmaNkVh7ENRbhwV78
QmV3ZeMCjNJLugRsspJebDN5UJToj3qRoxkviLniKbM8rW
QmV5RYZgc77qwGo9ghXop1XMJvxzkJ5WfU7vEo8Lw7Hdku
QmV6XJ7AS2BR9qnAEYYNoGcSbvXt4rZWJMp7PjPwp4fq6Y
QmVHSmRiSnP9xMvfqGXE7YpQQ7cPtxhr8uegTvCwwa7pG2
QmVJ5QBteLpk9NuQ6Z2KJqvijqxm4i9kmUxkBJJ2qdYo4n
QmVMnUrQeZWNNh5dPRXNXZr134i4h1zUSCwPRzMeTEBmLy
QmVQmpjojoLJjbP5WeDWoB8uKGa1FfgD8HWNZF62vwcmGp
QmVX1wjpob6VYyaSemP5d6aiXWwCWbBxrTJg283Amn7JUk
QmVoszh8Y8Pu9MiH4Q8KzXd3JYueUPn6visPWih1w4VUq1
QmVtouZGPveqkkAqvgT3bFSz5B7yz3toggBjoSWpMUMUnq
QmVuS7aDhVnQC8TdKsMe438T4SuZXBsZfzg5g4XVkN8qqp
QmVz5EG9PmBkzBuTQZQGZgsKWZCuUQ23sN2TaJftSdrdBw
QmW4HPV8taST9MCkh7pXsdgWN2DQCVkUPagyqDjdYAQJR6
QmW4vfYbVZ9K6cfQmLiwSwb1xrcadm9irYZYwT8EofBgEM
QmW9kpubzj61UwCz9XjbGL6mBxY4XH4NwWN2NYgNiM3ir4
QmWGwy1kE21ES25BV8VXvGijz6iMExsX8K5wKiEdcMUqSD
QmWJYz48mbaTkjCnQL3Yk6dT8bUMXB7T6iPs9ugqeXuEF6
QmWTUhpCYncMiZ4C7YAyA7KUMdS11bYLdefKSRr7Fz6q6R
QmWXxvVcoAk1NNsd5z6AJhkFHhSE1ZukLKNVeM2mSchA7H
QmWZSwTsF5DiSr9gMT7JsoA9gDEEAASF4nycDqpp1t2Nnh
QmWfyTtxAtNJCQZMMiWKHNKuHuNjhpcMLHgD5CWwUPr1Cy
QmWg3EMQVo1DjMbFvd9arEMAeVoAJ9VzZe2h5AChbXDjQt
QmWjvkYATVat248Cucedgv5UH4gfPywhnyiT5XER2TV3ts
QmWkipgD7aEoxHUbQAErc8VeLPVLGf5Eekns7iEs4dHeiV
QmWnnThdwfmh9ay1LtxepEWpbUmwm2JBc24BHExtX7Z4BX
QmWskWZu8CPN1Luyk6yRiNQKvD5kRGDdGgchaewKr7bkFr
QmWvTc3GEbWXwwBwdV7pouY68qso5jDVikF7aQgEJ2Vb1A
QmWy3kQu9XYwsrpxzDJx2rnceTefJsoSYAR87iPbwdw8Gv
QmWz5U5aodMRrVgVY42ZiK9VELVgK3YcCxyKdePoWv5FD9
QmX8ZR9uKp33aTWkfwWdrwHJwHmdLuPCZR44TAUk4hBW8f
QmXLfPxEPn4Jw6aHpc6e4ehfExxZ2VM7Zh5PV1TFiwkUHK
QmXNYtxWyXpMT3tbcsGwfPLskUgp8sSiwjV6gKEtBZ8o2R
QmXQru69eea4qrUBZ9rvb57Zr65xACXNszfKZM47Dx41QU
QmXW7ZVStDjw68VFaMwkttDpg1UqCCoCuJXfEVJyttQWEK
QmXYVT7Win69LNerkqvz6p5y3yaUDP5FZv8Z7cKE7Nidhv
QmXhDK3QiEXC5kLP5cJj1oWNdeGDJ1Z5wUzJDtRGSLHFWJ
QmXrEnAojoC8vAhWLtdStpVALNfuxjQeiGdPQKSsbPthjz
QmY8BzxisgxLnt8Y9KAGmycjFjbNrmDyieYbzVqWuYnZ3x
QmY8nRV8dPxFVsQPppSxjNMnoeXpCqgu4ro2Vb6As1UUbr
QmYA8X4Z6fwbDhzGZ4YM5eJp8DiCQk3gyeGaJfzC4a1ArB
QmYDeVHfKdUxBPjTVM8c4LGnKMcECzbMAaxSxqSX7iJDVs
QmYL3FCHkFjndfss97vtD22etQ2ALEVGgjgUGe3g5Jdv6C
QmYRk5GiwopP2xwsTgzGyj1fkm3uhiNn9BnceQFkQsTDMD
QmYVL1RXT6pSyHKr7FwcaeDnHiQhGhFSMx7xeYPaXttNs4
QmYjaNFKu9pZxoALCEyWwzBkmzcwrNKdeAXoP9sh9HUhXu
QmYtygbcRXEVwqK1u9CekrVsKoL3fKT1UKARsr6Tjou1RW
QmYwNbeS7TTCDyNDbo9CNoFXaQopTbohc4sigpCTg6pQfr
QmZ1zVtHEhB5BBiobx6WHmgqpDLq4rwEF7RtKqjFFnsQ6h
QmZ4Rn7qnPmdaZ7pQ2dpuQyfSNN3dMeZLAuHZb2YpY2Fuh
QmZ6sFHQ2sXHGJKtMa7PtMQwYtiVjsNFSDKEG6NT9MigtN
QmZBvGSgbi45YXoykPrjWBg6kdcZFZDF9xuMLueLjzfHNa
QmZD6H4CEm4UWn9XKUQF2KKFfJa5gFsyCcjy2ti5Yrhesk
QmZE2RRQCYxMHWZcb4GVaK2ZLhn8hgtxi61BraniJePwAg
QmZGrND7oXkPEdqN6zZ11SqvKH8ugmDsKdb8KVHHapu8EC
QmZJnT3a6Pmb9JvvS6Lc793H7AQj5Am6Cpex5SXDLGzvQD
QmZKzriE4LpKv698Vvap2aRUuuepioRS2SvWw5BzBnZ6yr
QmZVYWYXekreQeqUzNBLGYVbfY1yUtwNNERfpVT4oPPcgn
QmZWEMQAFTtZZ9r3QUTbbsBgf1t3Wxy24z9M9TX5aaCtGa
QmZoner1PCHmLRCjs3NDHdrbmeUhuNWejPoeERTxs5Db8C
QmZrepGVxDkihxrMmjncr4NDLSBnLagnWoBzeK8aQscU3b
QmZxRozUzWZJYt5X7r4STj7QfAKXEMmQs1MjyGUaPBG9Z2
Qma1o1DivC9rvnyMrCFwaxmMZYSpZhLeixUN9VXaRE2z7L
Qma3K2S4ZEAsjjytqzYn7hJGen45HR6y6gcrtzu5jbhkiA
Qma3LtbGSkVogoi94Y8SBYA7t8qgHfrrbiRnqpNHUjbD8j
Qma3heGswxCYuQ6SyLxLU887GnUBs7ciMjjeSLc1L3Rv6F
Qma3mCEHz9x81uvguK4HxhoAW5iaje73z84eL7rgYEXyKU
Qma46zDQZZwu5dHP3ebbEosRwvvfT441JWCLsWXdRKEia3
QmaDFjQxB1P9AH5BXxogqYm8hbv5r8UbUbNTiksaa34CeK
QmaQsDH84JhLmCtpDNykRWkW2dUB2cujfS7yW939K3RBjG
QmaUpqVH1DSdoNEvAf97BGdfi4fGVEqL1sGxEGzGuBhaM3
QmaXBiy9Re8iGpTXSZdE9PJXvx5w4Hq2VwUTSiez1RqnAd
QmaYR4AKaee72KuiZb6ihkDCvG8sV8Ajusaow5VaBTtm8B
Qmad2RXfsZNTXgh4fw8F1yfToxm9TqgBYbxx2vzMajbBN5
QmajBAcgS4mUChxkhTmXG4ggF7C93Y5U4nRQJ99nxZseoY
QmajZ2aBFGA9G9PGY6Ta8E3nY54n2qfAf3gpk7XbTjC5kv
QmapyMm7w2EGn4j6SwiA2ukC9TxwHKb5KjqLm4VFvQfdeK
QmaswgaJewb1ugQ62u9qE2nBR4xrL7B83EUv8WksrQfU5W
QmavGyYfRVQNeZBGWcrNMJwChHoEQiZhBGP1ND8CGdVqgb
QmazErzsKz2eYmMNXLzcjnzhsPCmNDFjuFMBBrL6geMwoZ
Qmb4Z9oEcrK8X6KBjZJoeF89PA4moyLU57hsnsgQV6sHoD
Qmb7tcXF6i7Xfh6zUAYnNXLHY1AufMPzCezAUaCvRySXCV
QmbACgjBmSXVpooXHpkkvvXdTYdxBNfxq5wxjfUfsYY6KM
QmbDJRF3nqMuAhxiiyBDHRBqwc1S5TNnRqd7Ka4zPARYbA
QmbE6P9jdaAvQbDXR4YhWtNdf38XtN8VbKNwZ1gk1UqWxj
QmbRDJFmAmGXVLcppWngiVccbH6fzMVvdmiB2FZJnsP8EM
QmbTKyp9ueDAwFVMbdDUdQDqpmojCziScoBUXyo1fZFMXg
QmbWPi3kWr1Ku5kEntK2qMkooDxq66WkGrgxrk9NDxzQev
Qmbc2qa25aBjjztnpAd45wbHgHZMs9p2VDgo3RSNgQ5LTi
Qmbh2iFCD9We4VPyCvFjRMueK22D3Rit3U4AqEMBzNanwb
QmbixvedUDn45ttJW2JY9vxQUaruufJ24V8HihGnKUctDs
QmbmPVJyQJ26o2erARDpKiizzD68LDbmrJbRXE139aEB79
Qmbvi76JHpP5VWhPByy5pnkjgVdkUCMFyVMjkS2wTVhXxB
Qmc3VJjeN1NtyWnq6CScDRv4uRYkT5VMGVjqmMiNx8ThvW
Qmc8iE578wkSwejYbD3F4uRBLhkq2nBxKC1YyWb9xZwuYh
Qmc9qzGHk2GWKsHU5WQMaNySk7Ts8UJzJyJReAMw93BnfN
QmcFfHHDaJZ2qtwLfPzggP7EfzZfeKPZVSBQBE1yWBjoKM
QmcM5S2gLeQqV6BbKxrd5XkcwuxHNbrv6u7ZUJ5BWKh9EF
QmcRUTwDnPd5iSkCBhNQv6TTbZfTGg71NQ8PCUZgM7rU4Y
QmcWdfFurAHcPgc8mcffaLKtwSoeTHmDpaAXokSgRepaMT
QmccvRkG2THHL4TTy11xJh9LznPCZTmBJQFpdPzDspSC5K
QmcqYBuhP7bYFo6Uc6KzZcjyzYRP86HZopnmBcC87Xj7ML
QmcyXNHHeN5N8AnB9LGG5mSrksoSTDxXxrcBtqxry31VUB
Qmd3yTZGy6tMGUY7bsEZwJvgQcatF1UukS6nvbiaZMHbRJ
Qmd7UwGKbbGT4h2UidVPPi9CKKpHZuTDeDXadt14YpdF4k
Qmd7zB1EZertpG1TsT8gpP473qDoDGSKMJL5sDrtjjusLi
QmdJTEDwk4mxx8i38LJJqDrv2k5g17PqUBZeQUdvhPZjyy
QmdPPQivC4tLfCbRpKRrCmqydKLYKHmt9sixPLCwq359GG
QmdUZwaGnSZS9UCEs6y8kUhJZqzH5qLR3AeVkru9eiMi6g
QmdYXbWeRB8Hk7Wwuy8PBYrZcojUFdtRVJcdCBR36Ydg8X
QmdkwCQbsNBrPeo6wPxN3jz91sgrjWDEXkuvgykipgu6go
QmdnBt7yEgQmxWtGCjBZiS7Q98Q3DaZSJjTygo9WWjRkyC
QmdoFoJi14STfLW9r6TEJkqPCpSUgJ4eVuBeevG61VshvE
Qmdq6Gc7X2MM5DooycAokz69MHrX33RboEnQdAn4UzNesk
QmdrhXUSiPHzqUAZrmA2WKE9hSP8mfsBpiWPUUHvLeUwMN
Qmdt3ZUp7dNrghKvmDrAHxTduTSJyi2259PeCNqCcSmeNU
Qme1WZffiaAwoHbWxRafYn8w8GobZxupC2eyHm4xtFvQGF
Qme4MJkhAfp9TmmDjRBhtiPkk81UJbpUMCju6KjLRrZ8zr
Qme8imcZPzQ4jRuLwnKGJfcGSvueFNmHMUWCwLexXxwABj
QmeV3BUiqGTG278eu8Ev1PbnCSFeXBAS6piXr4ga6qTb6U
QmeYH1shzXFuGuq61Gv4KGX6fFB97J8EkcFyshiymCdsC2
Qmebb2xhUeSqsUN7D5i3GD8LZxD3oKqExWNjSrqkS44A7X
QmefzLW5Nsemntj2wrqf7Hjmnm5bJcz91hPqym1tP2hk5X
QmeiJZwr49AVGwhCywjUz9kAMfLdLSrDasAen2Gm74Jzdv
QmemLmCC8kBF6hLN4N4rCvzkSeWSgxgcAZ8PBAMiLTBVQH
QmeynnfK3BbxseQG5NB2hx78wA3rPpPhdUxUWAU66LD5gu
Qmf7muG5bf7e7hfEnwztvsDcnyFpsz3zofniCwWMa7TaeC
Qmf91vL7VQy3eixhVnMyBqevZXaUgnFWU8G1v4CvxopeJq
QmfErRxnkdtrjPcWBs1Hngi2n5xHW3GgdZsnC1dJErvvfr
QmfQVCtd9TY1aApchRT6fsTHA2HDSRvMohpDCZwtDcZ9b2
QmfSawRhfQPmEAXFsBMZ5PEbD9jhAntNRb54kwxGcAdRya
QmfX7XgsU9Ynfay7AtAyuRN1BaR9KbBSZZSLsF1YysJ2ZT
QmfYubGuaJzhVMhG9taCA6zN1Uoq7n57Nt5fMCFSDRBNvN
